This file contains any messages produced by compilers while
running configure, to aid debugging if configure makes a mistake.

It was created by configure, which was
generated by GNU Autoconf 2.52.20101002.  Invocation command line was

  $ ./configure --host=arm-linux-gnueabihf --prefix=/usr/arm-linux-gnueabihf CXX=arm-linux-gnueabihf-g++

## ---------- ##
## Platform.  ##
## ---------- ##

hostname = d0a2a2aa94ab
uname -m = x86_64
uname -r = 4.9.93-linuxkit-aufs
uname -s = Linux
uname -v = #1 SMP Wed Jun 6 16:55:56 UTC 2018

/usr/bin/uname -p = unknown
/bin/uname -X     = unknown

/bin/arch              = unknown
/usr/bin/arch -k       = unknown
/usr/convex/getsysinfo = unknown
hostinfo               = unknown
/bin/machine           = unknown
/usr/bin/oslevel       = unknown
/bin/universe          = unknown

PATH = /usr/local/sbin:/usr/local/bin:/usr/sbin:/usr/bin:/sbin:/bin:/kotlin-native-linux-0.8.1/bin

## ------------ ##
## Core tests.  ##
## ------------ ##

configure:1101: PATH=".;."; conftest.sh
./configure: 1102: ./configure: conftest.sh: not found
configure:1104: $? = 127
configure:1117: checking for egrep
configure:1127: result: grep -E
configure:1141: result: Configuring NCURSES 5.9 ABI 5 (Tue Sep 25 22:10:48 UTC 2018)
configure:1246: checking build system type
configure:1264: result: x86_64-unknown-linux-gnu
configure:1271: checking host system type
configure:1285: result: arm-unknown-linux-gnueabihf
configure:1293: checking target system type
configure:1307: result: arm-unknown-linux-gnueabihf
configure:1338: result: Configuring for linux-gnueabihf
configure:1362: checking for prefix
configure:1374: result: /usr/arm-linux-gnueabihf
configure:1415: checking for arm-linux-gnueabihf-gcc
configure:1430: found /usr/bin/arm-linux-gnueabihf-gcc
configure:1438: result: arm-linux-gnueabihf-gcc
configure:1701: checking for C compiler version
configure:1704: arm-linux-gnueabihf-gcc --version </dev/null >&5
arm-linux-gnueabihf-gcc (Ubuntu/Linaro 7.3.0-16ubuntu3) 7.3.0
Copyright (C) 2017 Free Software Foundation, Inc.
This is free software; see the source for copying conditions.  There is NO
warranty; not even for MERCHANTABILITY or FITNESS FOR A PARTICULAR PURPOSE.

configure:1707: $? = 0
configure:1709: arm-linux-gnueabihf-gcc -v </dev/null >&5
Using built-in specs.
COLLECT_GCC=arm-linux-gnueabihf-gcc
COLLECT_LTO_WRAPPER=/usr/lib/gcc-cross/arm-linux-gnueabihf/7/lto-wrapper
Target: arm-linux-gnueabihf
Configured with: ../src/configure -v --with-pkgversion='Ubuntu/Linaro 7.3.0-16ubuntu3' --with-bugurl=file:///usr/share/doc/gcc-7/README.Bugs --enable-languages=c,ada,c++,go,d,fortran,objc,obj-c++ --prefix=/usr --with-gcc-major-version-only --with-as=/usr/bin/arm-linux-gnueabihf-as --with-ld=/usr/bin/arm-linux-gnueabihf-ld --program-suffix=-7 --enable-shared --enable-linker-build-id --libexecdir=/usr/lib --without-included-gettext --enable-threads=posix --libdir=/usr/lib --enable-nls --with-sysroot=/ --enable-clocale=gnu --enable-libstdcxx-debug --enable-libstdcxx-time=yes --with-default-libstdcxx-abi=new --enable-gnu-unique-object --disable-libitm --disable-libquadmath --disable-libquadmath-support --enable-plugin --enable-default-pie --with-system-zlib --with-target-system-zlib --enable-multiarch --enable-multilib --disable-sjlj-exceptions --with-arch=armv7-a --with-fpu=vfpv3-d16 --with-float=hard --with-mode=thumb --disable-werror --enable-multilib --enable-checking=release --build=x86_64-linux-gnu --host=x86_64-linux-gnu --target=arm-linux-gnueabihf --program-prefix=arm-linux-gnueabihf- --includedir=/usr/arm-linux-gnueabihf/include
Thread model: posix
gcc version 7.3.0 (Ubuntu/Linaro 7.3.0-16ubuntu3) 
configure:1712: $? = 0
configure:1714: arm-linux-gnueabihf-gcc -V </dev/null >&5
arm-linux-gnueabihf-gcc: error: unrecognized command line option '-V'
arm-linux-gnueabihf-gcc: fatal error: no input files
compilation terminated.
configure:1717: $? = 1
configure:1737: checking for C compiler default output
configure:1740: arm-linux-gnueabihf-gcc  -P  conftest.c  >&5
configure:1743: $? = 0
configure:1772: result: a.out
configure:1777: checking whether the C compiler works
configure:1783: ./a.out
/lib/ld-linux-armhf.so.3: No such file or directory
configure:1786: $? = 255
configure:1801: result: yes
configure:1808: checking whether we are cross compiling
configure:1810: result: yes
configure:1813: checking for executable suffix
configure:1815: arm-linux-gnueabihf-gcc -o conftest  -P  conftest.c  >&5
configure:1818: $? = 0
configure:1840: result: 
configure:1846: checking for object suffix
configure:1864: arm-linux-gnueabihf-gcc -c  -P conftest.c >&5
configure:1867: $? = 0
configure:1886: result: o
configure:1890: checking whether we are using the GNU C compiler
configure:1911: arm-linux-gnueabihf-gcc -c  -P conftest.c >&5
configure:1914: $? = 0
configure:1917: test -s conftest.o
configure:1920: $? = 0
configure:1932: result: yes
configure:1938: checking whether arm-linux-gnueabihf-gcc accepts -g
configure:1956: arm-linux-gnueabihf-gcc -c -g -P conftest.c >&5
configure:1959: $? = 0
configure:1962: test -s conftest.o
configure:1965: $? = 0
configure:1975: result: yes
configure:2002: arm-linux-gnueabihf-gcc -c -g -O2 -P conftest.c >&5
conftest.c:2:3: error: unknown type name 'choke'
   choke me
   ^~~~~
conftest.c:2:3: error: expected '=', ',', ';', 'asm' or '__attribute__' at end of input
configure:2005: $? = 1
configure: failed program was:
#ifndef __cplusplus
  choke me
#endif
configure:2106: checking version of arm-linux-gnueabihf-gcc
configure:2110: result: 7.3.0
configure:2120: checking how to run the C preprocessor
configure:2146: arm-linux-gnueabihf-gcc -E -P conftest.c
configure:2152: $? = 0
configure:2179: arm-linux-gnueabihf-gcc -E -P conftest.c
configure:2176:10: fatal error: ac_nonexistent.h: No such file or directory
 #include "confdefs.h"
          ^~~~~~~~~~~~      
compilation terminated.
configure:2185: $? = 1
configure: failed program was:
#line 2175 "configure"
#include "confdefs.h"
#include <ac_nonexistent.h>
configure:2222: result: arm-linux-gnueabihf-gcc -E
configure:2237: arm-linux-gnueabihf-gcc -E -P conftest.c
configure:2243: $? = 0
configure:2270: arm-linux-gnueabihf-gcc -E -P conftest.c
configure:2267:10: fatal error: ac_nonexistent.h: No such file or directory
 #include "confdefs.h"
          ^~~~~~~~~~~~      
compilation terminated.
configure:2276: $? = 1
configure: failed program was:
#line 2266 "configure"
#include "confdefs.h"
#include <ac_nonexistent.h>
configure:2317: checking whether arm-linux-gnueabihf-gcc needs -traditional
configure:2352: result: no
configure:2359: checking whether arm-linux-gnueabihf-gcc understands -c and -o together
configure:2375: arm-linux-gnueabihf-gcc -c conftest.c -o conftest2.o >&5
configure:2378: $? = 0
configure:2380: arm-linux-gnueabihf-gcc -c conftest.c -o conftest2.o >&5
configure:2383: $? = 0
configure:2394: result: yes
configure:2401: checking for POSIXized ISC
configure:2420: result: no
configure:2425: checking for arm-linux-gnueabihf-gcc option to accept ANSI C
configure:2550: arm-linux-gnueabihf-gcc -c -g -O2 -P  -DCC_HAS_PROTOS conftest.c >&5
configure:2553: $? = 0
configure:2556: test -s conftest.o
configure:2559: $? = 0
configure:2572: result: -DCC_HAS_PROTOS
configure:2744: checking if you want to ensure bool is consistent with C++
configure:2754: result: yes
configure:2772: checking for arm-linux-gnueabihf-g++
configure:2795: result: arm-linux-gnueabihf-g++
configure:2849: checking for C++ compiler version
configure:2852: arm-linux-gnueabihf-g++ --version </dev/null >&5
arm-linux-gnueabihf-g++ (Ubuntu/Linaro 7.3.0-16ubuntu3) 7.3.0
Copyright (C) 2017 Free Software Foundation, Inc.
This is free software; see the source for copying conditions.  There is NO
warranty; not even for MERCHANTABILITY or FITNESS FOR A PARTICULAR PURPOSE.

configure:2855: $? = 0
configure:2857: arm-linux-gnueabihf-g++ -v </dev/null >&5
Using built-in specs.
COLLECT_GCC=arm-linux-gnueabihf-g++
COLLECT_LTO_WRAPPER=/usr/lib/gcc-cross/arm-linux-gnueabihf/7/lto-wrapper
Target: arm-linux-gnueabihf
Configured with: ../src/configure -v --with-pkgversion='Ubuntu/Linaro 7.3.0-16ubuntu3' --with-bugurl=file:///usr/share/doc/gcc-7/README.Bugs --enable-languages=c,ada,c++,go,d,fortran,objc,obj-c++ --prefix=/usr --with-gcc-major-version-only --with-as=/usr/bin/arm-linux-gnueabihf-as --with-ld=/usr/bin/arm-linux-gnueabihf-ld --program-suffix=-7 --enable-shared --enable-linker-build-id --libexecdir=/usr/lib --without-included-gettext --enable-threads=posix --libdir=/usr/lib --enable-nls --with-sysroot=/ --enable-clocale=gnu --enable-libstdcxx-debug --enable-libstdcxx-time=yes --with-default-libstdcxx-abi=new --enable-gnu-unique-object --disable-libitm --disable-libquadmath --disable-libquadmath-support --enable-plugin --enable-default-pie --with-system-zlib --with-target-system-zlib --enable-multiarch --enable-multilib --disable-sjlj-exceptions --with-arch=armv7-a --with-fpu=vfpv3-d16 --with-float=hard --with-mode=thumb --disable-werror --enable-multilib --enable-checking=release --build=x86_64-linux-gnu --host=x86_64-linux-gnu --target=arm-linux-gnueabihf --program-prefix=arm-linux-gnueabihf- --includedir=/usr/arm-linux-gnueabihf/include
Thread model: posix
gcc version 7.3.0 (Ubuntu/Linaro 7.3.0-16ubuntu3) 
configure:2860: $? = 0
configure:2862: arm-linux-gnueabihf-g++ -V </dev/null >&5
arm-linux-gnueabihf-g++: error: unrecognized command line option '-V'
arm-linux-gnueabihf-g++: fatal error: no input files
compilation terminated.
configure:2865: $? = 1
configure:2868: checking whether we are using the GNU C++ compiler
configure:2889: arm-linux-gnueabihf-g++ -c  -P conftest.cc >&5
configure:2892: $? = 0
configure:2895: test -s conftest.o
configure:2898: $? = 0
configure:2910: result: yes
configure:2916: checking whether arm-linux-gnueabihf-g++ accepts -g
configure:2934: arm-linux-gnueabihf-g++ -c -g -P conftest.cc >&5
configure:2937: $? = 0
configure:2940: test -s conftest.o
configure:2943: $? = 0
configure:2953: result: yes
configure:2993: arm-linux-gnueabihf-g++ -c -g -O2 -P conftest.cc >&5
configure:2996: $? = 0
configure:2999: test -s conftest.o
configure:3002: $? = 0
configure:3024: arm-linux-gnueabihf-g++ -c -g -O2 -P conftest.cc >&5
configure: In function 'int main()':
configure:3017:1: error: 'exit' was not declared in this scope
 {
 ^   
configure:3027: $? = 1
configure: failed program was:
#line 3012 "configure"
#include "confdefs.h"

int
main ()
{
exit (42);
  ;
  return 0;
}
configure:2993: arm-linux-gnueabihf-g++ -c -g -O2 -P conftest.cc >&5
configure:2996: $? = 0
configure:2999: test -s conftest.o
configure:3002: $? = 0
configure:3024: arm-linux-gnueabihf-g++ -c -g -O2 -P conftest.cc >&5
configure:3027: $? = 0
configure:3030: test -s conftest.o
configure:3033: $? = 0
configure:3105: checking version of g++
configure:3109: result: 7.3.0
configure:3122: checking if you want to build C++ binding and demo
configure:3132: result: yes
configure:3135: checking if you want to build with Ada95
configure:3145: result: yes
configure:3148: checking if you want to install manpages
configure:3158: result: yes
configure:3161: checking if you want to build programs such as tic
configure:3171: result: yes
configure:3174: checking if you want to build test-programs
configure:3184: result: yes
configure:3187: checking if you wish to install curses.h
configure:3197: result: yes
configure:3223: checking for mawk
configure:3238: found /usr/bin/mawk
configure:3246: result: mawk
configure:3260: checking for egrep
configure:3270: result: grep -E
configure:3290: checking for a BSD compatible install
configure:3339: result: /usr/bin/install -c
configure:3364: checking for tdlint
configure:3390: result: no
configure:3364: checking for lint
configure:3390: result: no
configure:3364: checking for alint
configure:3390: result: no
configure:3364: checking for splint
configure:3390: result: no
configure:3364: checking for lclint
configure:3390: result: no
configure:3397: checking whether ln -s works
configure:3401: result: yes
configure:3408: checking if ln -s -f options work
configure:3420: result: yes
configure:3425: checking for long file names
configure:3464: result: yes
configure:3476: checking if you want to use pkg-config
configure:3486: result: yes
configure:3497: checking for arm-linux-gnueabihf-pkg-config
configure:3528: result: no
configure:3537: checking for pkg-config
configure:3566: result: none
configure:3621: checking if we should install .pc files for none
configure:3641: result: no
configure:3643: WARNING: did not find library none/lib/pkgconfig
configure:3649: checking if we should assume mixed-case filenames
configure:3659: result: auto
configure:3663: checking if filesystem supports mixed-case filenames
configure:3690: result: yes
configure:3707: checking whether make sets ${MAKE}
configure:3727: result: yes
configure:3740: checking for exctags
configure:3766: result: no
configure:3740: checking for ctags
configure:3766: result: no
configure:3777: checking for exetags
configure:3803: result: no
configure:3777: checking for etags
configure:3803: result: no
configure:3812: checking for ctags
configure:3836: result: no
configure:3846: checking for etags
configure:3870: result: no
configure:3893: checking for makeflags variable
configure:3927: result: 
configure:3933: checking for arm-linux-gnueabihf-ranlib
configure:3948: found /usr/bin/arm-linux-gnueabihf-ranlib
configure:3956: result: arm-linux-gnueabihf-ranlib
configure:4007: checking for arm-linux-gnueabihf-ld
configure:4022: found /usr/bin/arm-linux-gnueabihf-ld
configure:4030: result: arm-linux-gnueabihf-ld
configure:4081: checking for arm-linux-gnueabihf-ar
configure:4096: found /usr/bin/arm-linux-gnueabihf-ar
configure:4104: result: arm-linux-gnueabihf-ar
configure:4155: checking for arm-linux-gnueabihf-ar
configure:4178: result: arm-linux-gnueabihf-ar
configure:4226: checking for options to update archives
configure:4252: arm-linux-gnueabihf-gcc -c -g -O2 -P conftest.c >&5
configure:4255: $? = 0
arm-linux-gnueabihf-ar  -curv conftest.a conftest.o
arm-linux-gnueabihf-ar: `u' modifier ignored since `D' is the default (see `U')
configure:4274: result: -curv
configure:4285: checking if you have specified an install-prefix
configure:4298: result: 
configure:4326: checking for gcc
configure:4352: result: no
configure:4326: checking for cc
configure:4352: result: no
configure:4326: checking for cl
configure:4352: result: no
configure:4360: checking for native build C compiler
configure:4362: result: 
configure:4365: checking for native build C preprocessor
configure:4375: result: ${BUILD_CC} -E
configure:4378: checking for native build C flags
configure:4386: result: 
configure:4389: checking for native build C preprocessor-flags
configure:4397: result: 
configure:4400: checking for native build linker-flags
configure:4408: result: 
configure:4411: checking for native build linker-libraries
configure:4419: result: 
configure:4429: error: Cross-build requires two compilers.
Use --with-build-cc to specify the native compiler.

## ----------------- ##
## Cache variables.  ##
## ----------------- ##

ac_cv_build='x86_64-unknown-linux-gnu'
ac_cv_build_alias='x86_64-unknown-linux-gnu'
ac_cv_c_compiler_gnu='yes'
ac_cv_cxx_compiler_gnu='yes'
ac_cv_env_CC_set=''
ac_cv_env_CC_value=''
ac_cv_env_CFLAGS_set=''
ac_cv_env_CFLAGS_value=''
ac_cv_env_CPPFLAGS_set='set'
ac_cv_env_CPPFLAGS_value='-P'
ac_cv_env_CPP_set=''
ac_cv_env_CPP_value=''
ac_cv_env_CXXCPP_set=''
ac_cv_env_CXXCPP_value=''
ac_cv_env_CXXFLAGS_set=''
ac_cv_env_CXXFLAGS_value=''
ac_cv_env_CXX_set='set'
ac_cv_env_CXX_value='arm-linux-gnueabihf-g++'
ac_cv_env_LDFLAGS_set=''
ac_cv_env_LDFLAGS_value=''
ac_cv_env_build_alias_set=''
ac_cv_env_build_alias_value=''
ac_cv_env_host_alias_set='set'
ac_cv_env_host_alias_value='arm-linux-gnueabihf'
ac_cv_env_target_alias_set=''
ac_cv_env_target_alias_value=''
ac_cv_host='arm-unknown-linux-gnueabihf'
ac_cv_host_alias='arm-linux-gnueabihf'
ac_cv_objext='o'
ac_cv_path_ac_pt_PKG_CONFIG='none'
ac_cv_path_install='/usr/bin/install -c'
ac_cv_prog_AR='arm-linux-gnueabihf-ar'
ac_cv_prog_AWK='mawk'
ac_cv_prog_CC='arm-linux-gnueabihf-gcc'
ac_cv_prog_CPP='arm-linux-gnueabihf-gcc -E'
ac_cv_prog_CXX='arm-linux-gnueabihf-g++'
ac_cv_prog_LD='arm-linux-gnueabihf-ld'
ac_cv_prog_MAKE_LOWER_TAGS='no'
ac_cv_prog_MAKE_UPPER_TAGS='no'
ac_cv_prog_RANLIB='arm-linux-gnueabihf-ranlib'
ac_cv_prog_cc_g='yes'
ac_cv_prog_cxx_g='yes'
ac_cv_prog_egrep='grep -E'
ac_cv_prog_gcc_traditional='no'
ac_cv_prog_make_make_set='yes'
ac_cv_sys_long_file_names='yes'
ac_cv_target='arm-unknown-linux-gnueabihf'
ac_cv_target_alias='arm-linux-gnueabihf'
cf_cv_abi_version='5'
cf_cv_ansi_cc='-DCC_HAS_PROTOS'
cf_cv_ar_flags='-curv'
cf_cv_makeflags=''
cf_cv_mixedcase='yes'
cf_cv_prog_CC_c_o='yes'
cf_cv_rel_version='5.9'
cf_cv_system_name='linux-gnueabihf'
cf_cv_timestamp='Tue Sep 25 22:10:48 UTC 2018'

## ------------ ##
## confdefs.h.  ##
## ------------ ##

#define SYSTEM_NAME "linux-gnueabihf"
#define CC_HAS_PROTOS 1
#ifdef __cplusplus
#include <stdlib.h>
#endif
#define HAVE_LONG_FILE_NAMES 1
#define MIXEDCASE_FILENAMES 1


configure: exit 1
