This file contains any messages produced by compilers while
running configure, to aid debugging if configure makes a mistake.

It was created by configure, which was
generated by GNU Autoconf 2.52.20101002.  Invocation command line was

  $ ./configure --prefix=/usr/local --without-cxx --without-cxx-binding --without-ada --without-progs --without-curses-h --with-shared --without-debug --enable-widec --enable-const --enable-ext-colors --enable-sigwinch --enable-wgetch-events

## ---------- ##
## Platform.  ##
## ---------- ##

hostname = joshs-MBP.localdomain
uname -m = x86_64
uname -r = 17.7.0
uname -s = Darwin
uname -v = Darwin Kernel Version 17.7.0: Thu Jun 21 22:53:14 PDT 2018; root:xnu-4570.71.2~1/RELEASE_X86_64

/usr/bin/uname -p = i386
/bin/uname -X     = unknown

/bin/arch              = unknown
/usr/bin/arch -k       = unknown
/usr/convex/getsysinfo = unknown
hostinfo               = Mach kernel version:
	 Darwin Kernel Version 17.7.0: Thu Jun 21 22:53:14 PDT 2018; root:xnu-4570.71.2~1/RELEASE_X86_64
Kernel configured for up to 8 processors.
4 processors are physically available.
8 processors are logically available.
Processor type: x86_64h (Intel x86-64h Haswell)
Processors active: 0 1 2 3 4 5 6 7
Primary memory available: 16.00 gigabytes
Default processor set: 414 tasks, 2161 threads, 8 processors
Load average: 1.79, Mach factor: 6.19
/bin/machine           = unknown
/usr/bin/oslevel       = unknown
/bin/universe          = unknown

PATH = /Library/Java/JavaVirtualMachines/jdk1.8.0_131.jdk/Contents/Home/bin:/Users/joshskeen/anaconda3/bin:/Users/joshskeen/.rbenv/shims:/usr/local/bin:/usr/local/Homebrew/bin:/usr/local/bin:/usr/bin:/bin:/usr/sbin:/sbin:/Users/joshskeen/code/kotlin-native-experiments/kotlin-native/dist/bin

## ------------ ##
## Core tests.  ##
## ------------ ##

configure:1101: PATH=".;."; conftest.sh
./configure: line 1102: conftest.sh: command not found
configure:1104: $? = 127
configure:1117: checking for egrep
configure:1127: result: grep -E
configure:1141: result: Configuring NCURSES 5.9 ABI 5 (Fri Aug 24 13:19:14 EDT 2018)
configure:1246: checking build system type
configure:1264: result: x86_64-apple-darwin17.7.0
configure:1271: checking host system type
configure:1285: result: x86_64-apple-darwin17.7.0
configure:1293: checking target system type
configure:1307: result: x86_64-apple-darwin17.7.0
configure:1338: result: Configuring for darwin17.7.0
configure:1362: checking for prefix
configure:1374: result: /usr/local
configure:1450: checking for gcc
configure:1465: found /usr/bin/gcc
configure:1473: result: gcc
configure:1701: checking for C compiler version
configure:1704: gcc --version </dev/null >&5
Configured with: --prefix=/Applications/Xcode.app/Contents/Developer/usr --with-gxx-include-dir=/usr/include/c++/4.2.1
Apple LLVM version 9.1.0 (clang-902.0.39.2)
Target: x86_64-apple-darwin17.7.0
Thread model: posix
InstalledDir: /Applications/Xcode.app/Contents/Developer/Toolchains/XcodeDefault.xctoolchain/usr/bin
configure:1707: $? = 0
configure:1709: gcc -v </dev/null >&5
Configured with: --prefix=/Applications/Xcode.app/Contents/Developer/usr --with-gxx-include-dir=/usr/include/c++/4.2.1
Apple LLVM version 9.1.0 (clang-902.0.39.2)
Target: x86_64-apple-darwin17.7.0
Thread model: posix
InstalledDir: /Applications/Xcode.app/Contents/Developer/Toolchains/XcodeDefault.xctoolchain/usr/bin
configure:1712: $? = 0
configure:1714: gcc -V </dev/null >&5
clang: error: argument to '-V' is missing (expected 1 value)
clang: error: no input files
configure:1717: $? = 1
configure:1737: checking for C compiler default output
configure:1740: gcc    conftest.c  >&5
configure:1743: $? = 0
configure:1772: result: a.out
configure:1777: checking whether the C compiler works
configure:1783: ./a.out
configure:1786: $? = 0
configure:1801: result: yes
configure:1808: checking whether we are cross compiling
configure:1810: result: no
configure:1813: checking for executable suffix
configure:1815: gcc -o conftest    conftest.c  >&5
configure:1818: $? = 0
configure:1840: result: 
configure:1846: checking for object suffix
configure:1864: gcc -c   conftest.c >&5
configure:1867: $? = 0
configure:1886: result: o
configure:1890: checking whether we are using the GNU C compiler
configure:1911: gcc -c   conftest.c >&5
configure:1914: $? = 0
configure:1917: test -s conftest.o
configure:1920: $? = 0
configure:1932: result: yes
configure:1938: checking whether gcc accepts -g
configure:1956: gcc -c -g  conftest.c >&5
configure:1959: $? = 0
configure:1962: test -s conftest.o
configure:1965: $? = 0
configure:1975: result: yes
configure:2002: gcc -c -g -O2  conftest.c >&5
conftest.c:2:3: error: unknown type name 'choke'
  choke me
  ^
conftest.c:2:11: error: expected ';' after top level declarator
  choke me
          ^
          ;
2 errors generated.
configure:2005: $? = 1
configure: failed program was:
#ifndef __cplusplus
  choke me
#endif
configure:2106: checking version of gcc
configure:2110: result: 9.1.0
configure:2120: checking how to run the C preprocessor
configure:2146: gcc -E  conftest.c
configure:2152: $? = 0
configure:2179: gcc -E  conftest.c
configure:2176:10: fatal error: 'ac_nonexistent.h' file not found
#include <ac_nonexistent.h>
         ^~~~~~~~~~~~~~~~~~
1 error generated.
configure:2185: $? = 1
configure: failed program was:
#line 2175 "configure"
#include "confdefs.h"
#include <ac_nonexistent.h>
configure:2222: result: gcc -E
configure:2237: gcc -E  conftest.c
configure:2243: $? = 0
configure:2270: gcc -E  conftest.c
configure:2267:10: fatal error: 'ac_nonexistent.h' file not found
#include <ac_nonexistent.h>
         ^~~~~~~~~~~~~~~~~~
1 error generated.
configure:2276: $? = 1
configure: failed program was:
#line 2266 "configure"
#include "confdefs.h"
#include <ac_nonexistent.h>
configure:2317: checking whether gcc needs -traditional
configure:2340:10: fatal error: 'termio.h' file not found
#include <termio.h>
         ^~~~~~~~~~
1 error generated.
configure:2352: result: no
configure:2359: checking whether gcc understands -c and -o together
configure:2375: gcc -c conftest.c -o conftest2.o >&5
configure:2378: $? = 0
configure:2380: gcc -c conftest.c -o conftest2.o >&5
configure:2383: $? = 0
configure:2394: result: yes
configure:2401: checking for POSIXized ISC
configure:2420: result: no
configure:2425: checking for gcc option to accept ANSI C
configure:2550: gcc -c -g -O2   -DCC_HAS_PROTOS conftest.c >&5
configure:2553: $? = 0
configure:2556: test -s conftest.o
configure:2559: $? = 0
configure:2572: result: -DCC_HAS_PROTOS
configure:2705: checking for ldconfig
configure:2736: result: no
configure:2744: checking if you want to ensure bool is consistent with C++
configure:2754: result: no
configure:3122: checking if you want to build C++ binding and demo
configure:3132: result: no
configure:3135: checking if you want to build with Ada95
configure:3145: result: no
configure:3148: checking if you want to install manpages
configure:3158: result: yes
configure:3161: checking if you want to build programs such as tic
configure:3171: result: no
configure:3174: checking if you want to build test-programs
configure:3184: result: yes
configure:3187: checking if you wish to install curses.h
configure:3197: result: no
configure:3223: checking for mawk
configure:3249: result: no
configure:3223: checking for gawk
configure:3249: result: no
configure:3223: checking for nawk
configure:3249: result: no
configure:3223: checking for awk
configure:3238: found /usr/bin/awk
configure:3246: result: awk
configure:3260: checking for egrep
configure:3270: result: grep -E
configure:3290: checking for a BSD compatible install
configure:3339: result: /usr/bin/install -c
configure:3364: checking for tdlint
configure:3390: result: no
configure:3364: checking for lint
configure:3390: result: no
configure:3364: checking for alint
configure:3390: result: no
configure:3364: checking for splint
configure:3390: result: no
configure:3364: checking for lclint
configure:3390: result: no
configure:3397: checking whether ln -s works
configure:3401: result: yes
configure:3408: checking if ln -s -f options work
configure:3420: result: yes
configure:3425: checking for long file names
configure:3464: result: yes
configure:3476: checking if you want to use pkg-config
configure:3486: result: yes
configure:3537: checking for pkg-config
configure:3554: found /usr/local/bin/pkg-config
configure:3566: result: /usr/local/bin/pkg-config
configure:3621: checking if we should install .pc files for /usr/local/bin/pkg-config
configure:3638: result: no
configure:3649: checking if we should assume mixed-case filenames
configure:3659: result: auto
configure:3663: checking if filesystem supports mixed-case filenames
configure:3690: result: no
configure:3707: checking whether make sets ${MAKE}
configure:3727: result: yes
configure:3740: checking for exctags
configure:3766: result: no
configure:3740: checking for ctags
configure:3755: found /usr/bin/ctags
configure:3763: result: ctags
configure:3777: checking for exetags
configure:3803: result: no
configure:3777: checking for etags
configure:3792: found /usr/bin/etags
configure:3800: result: etags
configure:3812: checking for ctags
configure:3827: found /usr/bin/ctags
configure:3836: result: yes
configure:3893: checking for makeflags variable
configure:3927: result: 
configure:3968: checking for ranlib
configure:3983: found /usr/bin/ranlib
configure:3992: result: ranlib
configure:4042: checking for ld
configure:4057: found /usr/bin/ld
configure:4066: result: ld
configure:4116: checking for ar
configure:4131: found /usr/bin/ar
configure:4140: result: ar
configure:4190: checking for ar
configure:4214: result: ar
configure:4226: checking for options to update archives
configure:4252: gcc -c -g -O2  conftest.c >&5
configure:4255: $? = 0
ar  -curv conftest.a conftest.o
configure:4274: result: -curv
configure:4285: checking if you have specified an install-prefix
configure:4298: result: 
configure:4454: checking if libtool -version-number should be used
configure:4471: result: yes
configure:4496: checking if you want to build libraries with libtool
configure:4506: result: no
configure:4645: checking if you want to build shared libraries
configure:4655: result: yes
configure:4659: checking if you want to build static libraries
configure:4669: result: yes
configure:4673: checking if you want to build debug libraries
configure:4683: result: no
configure:4687: checking if you want to build profiling libraries
configure:4697: result: no
configure:4705: checking for specified models
configure:4709: result:  shared normal
configure:4714: checking for default model
configure:4717: result: shared
configure:4746: checking if you want to build a separate terminfo library
configure:4756: result: no
configure:4759: checking if you want to build a separate tic library
configure:4769: result: no
configure:4775: checking if you want to link with the GPM mouse library
configure:4785: result: maybe
configure:4789: checking for gpm.h
configure:4799: gcc -E  conftest.c
configure:4796:10: fatal error: 'gpm.h' file not found
#include <gpm.h>
         ^~~~~~~
1 error generated.
configure:4805: $? = 1
configure: failed program was:
#line 4795 "configure"
#include "confdefs.h"
#include <gpm.h>
configure:4824: result: no
configure:5349: checking for default loader flags
configure:5358: result: 
configure:5364: checking if rpath option should be used
configure:5374: result: no
configure:5377: checking if shared libraries should be relinked during install
configure:5387: result: yes
configure:5393: checking for an rpath option
configure:5424: result: 
configure:5480: checking if release/abi version should be used for shared libs
configure:5504: result: auto
configure:5513: checking which gcc option to use
configure:5532: gcc -c -g -O2 -fPIC  conftest.c >&5
configure:5535: $? = 0
configure:5538: test -s conftest.o
configure:5541: $? = 0
configure:5550: result: -fPIC
configure:5592: checking if ld -search_paths_first works
configure:5613: gcc -o conftest -g -O2   -Wl,-search_paths_first conftest.c  >&5
configure:5616: $? = 0
configure:5619: test -s conftest
configure:5622: $? = 0
configure:5633: result: yes
configure:5895: checking if rpath-hack should be disabled
configure:5912: result: no
configure:5916: checking for updated LDFLAGS
configure:6150: checking if you wish to install ncurses overwriting curses
configure:6160: result: no
configure:6163: checking if external terminfo-database is used
configure:6173: result: yes
configure:6195: checking which terminfo source-file will be installed
configure:6203: result: ${top_srcdir}/misc/terminfo.src
configure:6206: checking whether to use hashed database instead of directory/tree
configure:6216: result: no
configure:6222: checking for list of fallback descriptions
configure:6232: result: 
configure:6236: checking if you want modern xterm or antique
configure:6250: result: xterm-new
configure:6260: checking for list of terminfo directories
configure:6313: result: /usr/local/share/terminfo
configure:6319: checking for default terminfo directory
configure:6364: result: /usr/local/share/terminfo
configure:6374: checking if big-core option selected
configure:6400: gcc -o conftest -g -O2   -Wl,-search_paths_first conftest.c  >&5
configure:6403: $? = 0
configure:6405: ./conftest
configure:6408: $? = 0
configure:6420: result: yes
configure:6429: checking if big-strings option selected
configure:6453: result: yes
configure:6460: checking if you want termcap-fallback support
configure:6470: result: no
configure:6592: checking if ~/.terminfo is wanted
configure:6602: result: yes
configure:6608: checking if you want to use restricted environment when running as root
configure:6618: result: yes
configure:6632: checking for remove
configure:6669: gcc -o conftest -g -O2   -Wl,-search_paths_first conftest.c  >&5
configure:6672: $? = 0
configure:6675: test -s conftest
configure:6678: $? = 0
configure:6688: result: yes
configure:6632: checking for unlink
configure:6669: gcc -o conftest -g -O2   -Wl,-search_paths_first conftest.c  >&5
configure:6672: $? = 0
configure:6675: test -s conftest
configure:6678: $? = 0
configure:6688: result: yes
configure:6772: checking if link/symlink functions work
configure:6815: gcc -o conftest -g -O2   -Wl,-search_paths_first conftest.c  >&5
configure:6801:10: warning: implicit declaration of function 'link' is invalid in C99 [-Wimplicit-function-declaration]
        fail = (link("config.log", "conftest.chk") < 0)
                ^
configure:6805:2: warning: implicit declaration of function 'unlink' is invalid in C99 [-Wimplicit-function-declaration]
        unlink(dst);
        ^
2 warnings generated.
configure:6818: $? = 0
configure:6820: ./conftest
configure:6823: $? = 0
configure:6815: gcc -o conftest -g -O2   -Wl,-search_paths_first conftest.c  >&5
configure:6801:10: warning: implicit declaration of function 'symlink' is invalid in C99 [-Wimplicit-function-declaration]
        fail = (symlink("config.log", "conftest.chk") < 0)
                ^
configure:6805:2: warning: implicit declaration of function 'unlink' is invalid in C99 [-Wimplicit-function-declaration]
        unlink(dst);
        ^
2 warnings generated.
configure:6818: $? = 0
configure:6820: ./conftest
configure:6823: $? = 0
configure:6841: result:  link symlink
configure:6859: checking if tic should use symbolic links
configure:6869: result: no
configure:6876: checking if tic should use hard links
configure:6883: result: yes
configure:6896: checking if you want broken-linker support code
configure:6906: result: no
configure:6933: checking if tputs should process BSD-style prefix padding
configure:6943: result: no
configure:7602: checking if SIGWINCH is defined
configure:7624: gcc -c -g -O2   -D_DARWIN_C_SOURCE conftest.c >&5
configure:7627: $? = 0
configure:7630: test -s conftest.o
configure:7633: $? = 0
configure:7681: result: yes
configure:7751: checking for nl_langinfo and CODESET
configure:7769: gcc -o conftest -g -O2   -D_DARWIN_C_SOURCE  -Wl,-search_paths_first conftest.c  >&5
configure:7772: $? = 0
configure:7775: test -s conftest
configure:7778: $? = 0
configure:7789: result: yes
configure:7803: checking if you want wide-character code
configure:7813: result: yes
configure:7826: checking if we must define _XOPEN_SOURCE_EXTENDED
configure:7845: gcc -c -g -O2   -D_DARWIN_C_SOURCE conftest.c >&5
configure:7837:1: error: use of undeclared identifier 'make'
make an error
^
1 error generated.
configure:7848: $? = 1
configure: failed program was:
#line 7829 "configure"
#include "confdefs.h"
#include <sys/types.h>

int
main ()
{

#ifndef _XOPEN_SOURCE_EXTENDED
make an error
#endif
  ;
  return 0;
}
configure:7863: result: yes
configure:7923: checking for putwc
configure:7960: gcc -o conftest -g -O2   -D_DARWIN_C_SOURCE -D_XOPEN_SOURCE_EXTENDED  -Wl,-search_paths_first conftest.c  >&5
configure:7963: $? = 0
configure:7966: test -s conftest
configure:7969: $? = 0
configure:7979: result: yes
configure:7923: checking for btowc
configure:7960: gcc -o conftest -g -O2   -D_DARWIN_C_SOURCE -D_XOPEN_SOURCE_EXTENDED  -Wl,-search_paths_first conftest.c  >&5
configure:7963: $? = 0
configure:7966: test -s conftest
configure:7969: $? = 0
configure:7979: result: yes
configure:7923: checking for wctob
configure:7960: gcc -o conftest -g -O2   -D_DARWIN_C_SOURCE -D_XOPEN_SOURCE_EXTENDED  -Wl,-search_paths_first conftest.c  >&5
configure:7963: $? = 0
configure:7966: test -s conftest
configure:7969: $? = 0
configure:7979: result: yes
configure:7923: checking for mbtowc
configure:7960: gcc -o conftest -g -O2   -D_DARWIN_C_SOURCE -D_XOPEN_SOURCE_EXTENDED  -Wl,-search_paths_first conftest.c  >&5
configure:7963: $? = 0
configure:7966: test -s conftest
configure:7969: $? = 0
configure:7979: result: yes
configure:7923: checking for wctomb
configure:7960: gcc -o conftest -g -O2   -D_DARWIN_C_SOURCE -D_XOPEN_SOURCE_EXTENDED  -Wl,-search_paths_first conftest.c  >&5
configure:7963: $? = 0
configure:7966: test -s conftest
configure:7969: $? = 0
configure:7979: result: yes
configure:7923: checking for mblen
configure:7960: gcc -o conftest -g -O2   -D_DARWIN_C_SOURCE -D_XOPEN_SOURCE_EXTENDED  -Wl,-search_paths_first conftest.c  >&5
configure:7963: $? = 0
configure:7966: test -s conftest
configure:7969: $? = 0
configure:7979: result: yes
configure:7923: checking for mbrlen
configure:7960: gcc -o conftest -g -O2   -D_DARWIN_C_SOURCE -D_XOPEN_SOURCE_EXTENDED  -Wl,-search_paths_first conftest.c  >&5
configure:7963: $? = 0
configure:7966: test -s conftest
configure:7969: $? = 0
configure:7979: result: yes
configure:7923: checking for mbrtowc
configure:7960: gcc -o conftest -g -O2   -D_DARWIN_C_SOURCE -D_XOPEN_SOURCE_EXTENDED  -Wl,-search_paths_first conftest.c  >&5
configure:7963: $? = 0
configure:7966: test -s conftest
configure:7969: $? = 0
configure:7979: result: yes
configure:7923: checking for wcsrtombs
configure:7960: gcc -o conftest -g -O2   -D_DARWIN_C_SOURCE -D_XOPEN_SOURCE_EXTENDED  -Wl,-search_paths_first conftest.c  >&5
configure:7963: $? = 0
configure:7966: test -s conftest
configure:7969: $? = 0
configure:7979: result: yes
configure:7923: checking for mbsrtowcs
configure:7960: gcc -o conftest -g -O2   -D_DARWIN_C_SOURCE -D_XOPEN_SOURCE_EXTENDED  -Wl,-search_paths_first conftest.c  >&5
configure:7963: $? = 0
configure:7966: test -s conftest
configure:7969: $? = 0
configure:7979: result: yes
configure:7923: checking for wcstombs
configure:7960: gcc -o conftest -g -O2   -D_DARWIN_C_SOURCE -D_XOPEN_SOURCE_EXTENDED  -Wl,-search_paths_first conftest.c  >&5
configure:7963: $? = 0
configure:7966: test -s conftest
configure:7969: $? = 0
configure:7979: result: yes
configure:7923: checking for mbstowcs
configure:7960: gcc -o conftest -g -O2   -D_DARWIN_C_SOURCE -D_XOPEN_SOURCE_EXTENDED  -Wl,-search_paths_first conftest.c  >&5
configure:7963: $? = 0
configure:7966: test -s conftest
configure:7969: $? = 0
configure:7979: result: yes
configure:8572: checking if we must include wchar.h to declare mbstate_t
configure:8597: gcc -c -g -O2   -D_DARWIN_C_SOURCE -D_XOPEN_SOURCE_EXTENDED conftest.c >&5
configure:8590:1: error: unknown type name 'mbstate_t'; did you mean '__mbstate_t'?
mbstate_t state
^~~~~~~~~
__mbstate_t
/usr/include/i386/_types.h:79:3: note: '__mbstate_t' declared here
} __mbstate_t;
  ^
1 error generated.
configure:8600: $? = 1
configure: failed program was:
#line 8579 "configure"
#include "confdefs.h"

#include <stdlib.h>
#include <stdarg.h>
#include <stdio.h>
#ifdef HAVE_LIBUTF8_H
#include <libutf8.h>
#endif
int
main ()
{
mbstate_t state
  ;
  return 0;
}
configure:8632: gcc -c -g -O2   -D_DARWIN_C_SOURCE -D_XOPEN_SOURCE_EXTENDED conftest.c >&5
configure:8635: $? = 0
configure:8638: test -s conftest.o
configure:8641: $? = 0
configure:8653: result: yes
configure:8670: checking if we must include wchar.h to declare wchar_t
configure:8695: gcc -c -g -O2   -D_DARWIN_C_SOURCE -D_XOPEN_SOURCE_EXTENDED conftest.c >&5
configure:8698: $? = 0
configure:8701: test -s conftest.o
configure:8704: $? = 0
configure:8751: result: no
configure:8773: checking if we must include wchar.h to declare wint_t
configure:8798: gcc -c -g -O2   -D_DARWIN_C_SOURCE -D_XOPEN_SOURCE_EXTENDED conftest.c >&5
configure:8791:7: error: expected ';' after expression
wint_t state
      ^
      ;
configure:8791:1: error: use of undeclared identifier 'wint_t'
wint_t state
^
configure:8791:8: error: use of undeclared identifier 'state'
wint_t state
       ^
3 errors generated.
configure:8801: $? = 1
configure: failed program was:
#line 8780 "configure"
#include "confdefs.h"

#include <stdlib.h>
#include <stdarg.h>
#include <stdio.h>
#ifdef HAVE_LIBUTF8_H
#include <libutf8.h>
#endif
int
main ()
{
wint_t state
  ;
  return 0;
}
configure:8833: gcc -c -g -O2   -D_DARWIN_C_SOURCE -D_XOPEN_SOURCE_EXTENDED conftest.c >&5
configure:8836: $? = 0
configure:8839: test -s conftest.o
configure:8842: $? = 0
configure:8854: result: yes
configure:8893: checking whether to enable _LP64 definition in curses.h
configure:8903: result: no
configure:8919: checking for special C compiler options needed for large files
configure:8993: result: no
configure:8999: checking for _FILE_OFFSET_BITS value needed for large files
configure:9027: gcc -c -g -O2   -D_DARWIN_C_SOURCE -D_XOPEN_SOURCE_EXTENDED conftest.c >&5
configure:9030: $? = 0
configure:9033: test -s conftest.o
configure:9036: $? = 0
configure:9086: result: no
configure:9096: checking for _LARGE_FILES value needed for large files
configure:9124: gcc -c -g -O2   -D_DARWIN_C_SOURCE -D_XOPEN_SOURCE_EXTENDED conftest.c >&5
configure:9127: $? = 0
configure:9130: test -s conftest.o
configure:9133: $? = 0
configure:9183: result: no
configure:9196: checking for _LARGEFILE_SOURCE value needed for large files
configure:9216: gcc -c -g -O2   -D_DARWIN_C_SOURCE -D_XOPEN_SOURCE_EXTENDED conftest.c >&5
configure:9209:9: warning: address of function 'fseeko' will always evaluate to 'true' [-Wpointer-bool-conversion]
return !fseeko;
       ~^~~~~~
configure:9209:9: note: prefix with the address-of operator to silence this warning
return !fseeko;
        ^
        &
1 warning generated.
configure:9219: $? = 0
configure:9222: test -s conftest.o
configure:9225: $? = 0
configure:9267: result: no
configure:9281: checking for fseeko
configure:9299: gcc -o conftest -g -O2   -D_DARWIN_C_SOURCE -D_XOPEN_SOURCE_EXTENDED  -Wl,-search_paths_first conftest.c  >&5
configure:9292:8: warning: address of function 'fseeko' will always evaluate to 'true' [-Wpointer-bool-conversion]
return fseeko && fseeko (stdin, 0, 0);
       ^~~~~~ ~~
configure:9292:8: note: prefix with the address-of operator to silence this warning
return fseeko && fseeko (stdin, 0, 0);
       ^
       &
1 warning generated.
configure:9302: $? = 0
configure:9305: test -s conftest
configure:9308: $? = 0
configure:9318: result: yes
configure:9339: checking whether to use struct dirent64
configure:9367: gcc -c -g -O2   -D_DARWIN_C_SOURCE -D_XOPEN_SOURCE_EXTENDED conftest.c >&5
configure:9356:28: error: conflicting types for 'readdir'
                extern struct dirent64 * readdir(DIR *);
                                         ^
/usr/include/dirent.h:108:16: note: previous declaration is here
struct dirent *readdir(DIR *) __DARWIN_INODE64(readdir);
               ^
configure:9359:13: error: 'struct dirent64 *' and 'struct dirent *' are not pointers to compatible types
                int z = x - y;
                        ~ ^ ~
2 errors generated.
configure:9370: $? = 1
configure: failed program was:
#line 9346 "configure"
#include "confdefs.h"

#include <sys/types.h>
#include <dirent.h>

int
main ()
{

		/* if transitional largefile support is setup, this is true */
		extern struct dirent64 * readdir(DIR *);
		struct dirent64 *x = readdir((DIR *)0);
		struct dirent *y = readdir((DIR *)0);
		int z = x - y;

  ;
  return 0;
}
configure:9387: result: no
configure:9396: checking if you want tparm not to use X/Open fixed-parameter list
configure:9406: result: yes
configure:9430: checking for type of bool
configure:9440: result: auto
configure:9443: checking for alternate terminal capabilities file
configure:9454: result: Caps
configure:9458: checking for type of chtype
configure:9468: result: auto
configure:9472: checking for type of ospeed
configure:9482: result: short
configure:9486: checking for type of mmask_t
configure:9496: result: auto
configure:9500: checking for size CCHARW_MAX
configure:9510: result: 5
configure:9514: checking if RCS identifiers should be compiled-in
configure:9524: result: no
configure:9532: checking format of man-pages
configure:9621: result:  normal
configure:9628: checking for manpage renaming
configure:9670: result: no
configure:9673: checking if manpage aliases will be installed
configure:9684: result: yes
configure:9698: checking if manpage symlinks should be used
configure:9717: result: yes
configure:9721: checking for manpage tbl
configure:9732: result: no
configure:10054: checking if you want to build with function extensions
configure:10064: result: yes
configure:10106: checking if you want to build with experimental SCREEN extensions
configure:10116: result: no
configure:10130: checking if you want to build with experimental terminal-driver
configure:10140: result: no
configure:10155: checking for extended use of const keyword
configure:10165: result: yes
configure:10173: checking if you want to use extended colors
configure:10183: result: yes
configure:10199: WARNING: Overriding ABI version to 6
configure:10214: checking if you want to use extended mouse encoding
configure:10224: result: no
configure:10243: checking if you want $NCURSES_NO_PADDING code
configure:10253: result: yes
configure:10259: checking for ANSI C header files
configure:10273: gcc -E   -D_DARWIN_C_SOURCE -D_XOPEN_SOURCE_EXTENDED conftest.c
configure:10279: $? = 0
configure:10366: gcc -o conftest -g -O2   -D_DARWIN_C_SOURCE -D_XOPEN_SOURCE_EXTENDED  -Wl,-search_paths_first conftest.c  >&5
configure:10369: $? = 0
configure:10371: ./conftest
configure:10374: $? = 0
configure:10387: result: yes
configure:10403: checking for sys/types.h
configure:10415: gcc -c -g -O2   -D_DARWIN_C_SOURCE -D_XOPEN_SOURCE_EXTENDED conftest.c >&5
configure:10418: $? = 0
configure:10421: test -s conftest.o
configure:10424: $? = 0
configure:10434: result: yes
configure:10403: checking for sys/stat.h
configure:10415: gcc -c -g -O2   -D_DARWIN_C_SOURCE -D_XOPEN_SOURCE_EXTENDED conftest.c >&5
configure:10418: $? = 0
configure:10421: test -s conftest.o
configure:10424: $? = 0
configure:10434: result: yes
configure:10403: checking for stdlib.h
configure:10415: gcc -c -g -O2   -D_DARWIN_C_SOURCE -D_XOPEN_SOURCE_EXTENDED conftest.c >&5
configure:10418: $? = 0
configure:10421: test -s conftest.o
configure:10424: $? = 0
configure:10434: result: yes
configure:10403: checking for string.h
configure:10415: gcc -c -g -O2   -D_DARWIN_C_SOURCE -D_XOPEN_SOURCE_EXTENDED conftest.c >&5
configure:10418: $? = 0
configure:10421: test -s conftest.o
configure:10424: $? = 0
configure:10434: result: yes
configure:10403: checking for memory.h
configure:10415: gcc -c -g -O2   -D_DARWIN_C_SOURCE -D_XOPEN_SOURCE_EXTENDED conftest.c >&5
configure:10418: $? = 0
configure:10421: test -s conftest.o
configure:10424: $? = 0
configure:10434: result: yes
configure:10403: checking for strings.h
configure:10415: gcc -c -g -O2   -D_DARWIN_C_SOURCE -D_XOPEN_SOURCE_EXTENDED conftest.c >&5
configure:10418: $? = 0
configure:10421: test -s conftest.o
configure:10424: $? = 0
configure:10434: result: yes
configure:10403: checking for inttypes.h
configure:10415: gcc -c -g -O2   -D_DARWIN_C_SOURCE -D_XOPEN_SOURCE_EXTENDED conftest.c >&5
configure:10418: $? = 0
configure:10421: test -s conftest.o
configure:10424: $? = 0
configure:10434: result: yes
configure:10403: checking for stdint.h
configure:10415: gcc -c -g -O2   -D_DARWIN_C_SOURCE -D_XOPEN_SOURCE_EXTENDED conftest.c >&5
configure:10418: $? = 0
configure:10421: test -s conftest.o
configure:10424: $? = 0
configure:10434: result: yes
configure:10403: checking for unistd.h
configure:10415: gcc -c -g -O2   -D_DARWIN_C_SOURCE -D_XOPEN_SOURCE_EXTENDED conftest.c >&5
configure:10418: $? = 0
configure:10421: test -s conftest.o
configure:10424: $? = 0
configure:10434: result: yes
configure:10444: checking for signed char
configure:10465: gcc -c -g -O2   -D_DARWIN_C_SOURCE -D_XOPEN_SOURCE_EXTENDED conftest.c >&5
configure:10468: $? = 0
configure:10471: test -s conftest.o
configure:10474: $? = 0
configure:10484: result: yes
configure:10487: checking size of signed char
configure:10651: gcc -o conftest -g -O2   -D_DARWIN_C_SOURCE -D_XOPEN_SOURCE_EXTENDED  -Wl,-search_paths_first conftest.c  >&5
configure:10676:19: warning: format specifies type 'int' but the argument has type 'unsigned long' [-Wformat]
fprintf (f, "%d", (sizeof (signed char)));
             ~~   ^~~~~~~~~~~~~~~~~~~~~~
             %lu
1 warning generated.
configure:10654: $? = 0
configure:10656: ./conftest
configure:10659: $? = 0
configure:10675: result: 1
configure:10686: checking if you want to use signed Boolean array in term.h
configure:10696: result: no
configure:10701: checking if you want SIGWINCH handler
configure:10711: result: yes
configure:10718: checking if you want user-definable terminal capabilities like termcap
configure:10728: result: yes
configure:10736: checking if you want all development code
configure:10746: result: no
configure:10750: checking if you want hard-tabs code
configure:10760: result: no
configure:10767: checking if you want limited support for xmc
configure:10777: result: no
configure:10786: checking if you do not want to assume colors are white-on-black
configure:10796: result: yes
configure:10803: checking if you want hashmap scrolling-optimization code
configure:10813: result: yes
configure:10820: checking if you want colorfgbg code
configure:10830: result: no
configure:10837: checking if you want interop bindings
configure:10847: result: no
configure:10856: checking if you want to link with the pthread library
configure:10866: result: no
configure:11151: checking if you want experimental reentrant code
configure:11161: result: no
configure:11222: checking if you want experimental safe-sprintf code
configure:11232: result: no
configure:11259: checking if you want experimental wgetch-events code
configure:11269: result: yes
configure:11278: checking if you want to display full commands during build
configure:11295: result: yes
configure:11299: checking if you want to see compiler warnings
configure:11307: result: 
configure:11650: checking for gcc __attribute__ directives...
checking for gcc __attribute__((scanf))
configure:11702: gcc -c -g -O2   -D_DARWIN_C_SOURCE -D_XOPEN_SOURCE_EXTENDED conftest.c >&5
configure:11705: $? = 0
checking for gcc __attribute__((printf))
configure:11702: gcc -c -g -O2   -D_DARWIN_C_SOURCE -D_XOPEN_SOURCE_EXTENDED conftest.c >&5
configure:11705: $? = 0
checking for gcc __attribute__((unused))
configure:11702: gcc -c -g -O2   -D_DARWIN_C_SOURCE -D_XOPEN_SOURCE_EXTENDED conftest.c >&5
configure:11705: $? = 0
checking for gcc __attribute__((noreturn))
configure:11702: gcc -c -g -O2   -D_DARWIN_C_SOURCE -D_XOPEN_SOURCE_EXTENDED conftest.c >&5
configure:11705: $? = 0
configure:11743: checking if you want to enable runtime assertions
configure:11753: result: no
configure:11773: checking if you want to use dmalloc for testing
configure:11789: result: no
configure:11984: checking if you want to use dbmalloc for testing
configure:12000: result: no
configure:12195: checking if you want to use valgrind for testing
configure:12211: result: no
configure:12304: checking if you want to perform memory-leak testing
configure:12314: result: no
configure:12363: checking whether to add trace feature to all models
configure:12373: result: no
configure:12468: checking for gettimeofday
configure:12505: gcc -o conftest -g -O2   -D_DARWIN_C_SOURCE -D_XOPEN_SOURCE_EXTENDED -DNDEBUG  -Wl,-search_paths_first conftest.c  >&5
configure:12508: $? = 0
configure:12511: test -s conftest
configure:12514: $? = 0
configure:12524: result: yes
configure:12594: checking if -lm needed for math functions
configure:12616: gcc -o conftest -g -O2   -D_DARWIN_C_SOURCE -D_XOPEN_SOURCE_EXTENDED -DNDEBUG  -Wl,-search_paths_first conftest.c  >&5
configure:12609:12: warning: implicit declaration of function 'rand' is invalid in C99 [-Wimplicit-function-declaration]
double x = rand(); printf("result = %g\n", sin(x))
           ^
1 warning generated.
configure:12619: $? = 0
configure:12622: test -s conftest
configure:12625: $? = 0
configure:12635: result: no
configure:12643: checking for ANSI C header files
configure:12771: result: yes
configure:12784: checking for dirent.h that defines DIR
configure:12805: gcc -c -g -O2   -D_DARWIN_C_SOURCE -D_XOPEN_SOURCE_EXTENDED -DNDEBUG conftest.c >&5
configure:12808: $? = 0
configure:12811: test -s conftest.o
configure:12814: $? = 0
configure:12824: result: yes
configure:12837: checking for opendir in -ldir
configure:12864: gcc -o conftest -g -O2   -D_DARWIN_C_SOURCE -D_XOPEN_SOURCE_EXTENDED -DNDEBUG  -Wl,-search_paths_first conftest.c -ldir   >&5
ld: library not found for -ldir
clang: error: linker command failed with exit code 1 (use -v to see invocation)
configure:12867: $? = 1
configure: failed program was:
#line 12845 "configure"
#include "confdefs.h"

/* Override any gcc2 internal prototype to avoid an error.  */
#ifdef __cplusplus
extern "C"
#endif
/* We use char because int might match the return type of a gcc2
   builtin and then its argument prototype would still apply.  */
char opendir ();
int
main ()
{
opendir ();
  ;
  return 0;
}
configure:12884: result: no
configure:12946: checking whether time.h and sys/time.h may both be included
configure:12968: gcc -c -g -O2   -D_DARWIN_C_SOURCE -D_XOPEN_SOURCE_EXTENDED -DNDEBUG conftest.c >&5
configure:12971: $? = 0
configure:12974: test -s conftest.o
configure:12977: $? = 0
configure:12987: result: yes
configure:13006: checking for regcomp
configure:13043: gcc -o conftest -g -O2   -D_DARWIN_C_SOURCE -D_XOPEN_SOURCE_EXTENDED -DNDEBUG  -Wl,-search_paths_first conftest.c  >&5
configure:13046: $? = 0
configure:13049: test -s conftest
configure:13052: $? = 0
configure:13062: result: yes
configure:13258: checking for regular-expression headers
configure:13329: gcc -o conftest -g -O2   -D_DARWIN_C_SOURCE -D_XOPEN_SOURCE_EXTENDED -DNDEBUG  -Wl,-search_paths_first conftest.c  >&5
configure:13332: $? = 0
configure:13335: test -s conftest
configure:13338: $? = 0
configure:13354: result: regex.h
configure:13394: checking for fcntl.h
configure:13404: gcc -E   -D_DARWIN_C_SOURCE -D_XOPEN_SOURCE_EXTENDED -DNDEBUG conftest.c
configure:13410: $? = 0
configure:13429: result: yes
configure:13394: checking for getopt.h
configure:13404: gcc -E   -D_DARWIN_C_SOURCE -D_XOPEN_SOURCE_EXTENDED -DNDEBUG conftest.c
configure:13410: $? = 0
configure:13429: result: yes
configure:13394: checking for limits.h
configure:13404: gcc -E   -D_DARWIN_C_SOURCE -D_XOPEN_SOURCE_EXTENDED -DNDEBUG conftest.c
configure:13410: $? = 0
configure:13429: result: yes
configure:13394: checking for locale.h
configure:13404: gcc -E   -D_DARWIN_C_SOURCE -D_XOPEN_SOURCE_EXTENDED -DNDEBUG conftest.c
configure:13410: $? = 0
configure:13429: result: yes
configure:13394: checking for math.h
configure:13404: gcc -E   -D_DARWIN_C_SOURCE -D_XOPEN_SOURCE_EXTENDED -DNDEBUG conftest.c
configure:13410: $? = 0
configure:13429: result: yes
configure:13394: checking for poll.h
configure:13404: gcc -E   -D_DARWIN_C_SOURCE -D_XOPEN_SOURCE_EXTENDED -DNDEBUG conftest.c
configure:13410: $? = 0
configure:13429: result: yes
configure:13394: checking for sys/bsdtypes.h
configure:13404: gcc -E   -D_DARWIN_C_SOURCE -D_XOPEN_SOURCE_EXTENDED -DNDEBUG conftest.c
configure:13401:10: fatal error: 'sys/bsdtypes.h' file not found
#include <sys/bsdtypes.h>
         ^~~~~~~~~~~~~~~~
1 error generated.
configure:13410: $? = 1
configure: failed program was:
#line 13400 "configure"
#include "confdefs.h"
#include <sys/bsdtypes.h>
configure:13429: result: no
configure:13394: checking for sys/ioctl.h
configure:13404: gcc -E   -D_DARWIN_C_SOURCE -D_XOPEN_SOURCE_EXTENDED -DNDEBUG conftest.c
configure:13410: $? = 0
configure:13429: result: yes
configure:13394: checking for sys/param.h
configure:13404: gcc -E   -D_DARWIN_C_SOURCE -D_XOPEN_SOURCE_EXTENDED -DNDEBUG conftest.c
configure:13410: $? = 0
configure:13429: result: yes
configure:13394: checking for sys/poll.h
configure:13404: gcc -E   -D_DARWIN_C_SOURCE -D_XOPEN_SOURCE_EXTENDED -DNDEBUG conftest.c
configure:13410: $? = 0
configure:13429: result: yes
configure:13394: checking for sys/select.h
configure:13404: gcc -E   -D_DARWIN_C_SOURCE -D_XOPEN_SOURCE_EXTENDED -DNDEBUG conftest.c
configure:13410: $? = 0
configure:13429: result: yes
configure:13394: checking for sys/time.h
configure:13404: gcc -E   -D_DARWIN_C_SOURCE -D_XOPEN_SOURCE_EXTENDED -DNDEBUG conftest.c
configure:13410: $? = 0
configure:13429: result: yes
configure:13394: checking for sys/times.h
configure:13404: gcc -E   -D_DARWIN_C_SOURCE -D_XOPEN_SOURCE_EXTENDED -DNDEBUG conftest.c
configure:13410: $? = 0
configure:13429: result: yes
configure:13394: checking for ttyent.h
configure:13404: gcc -E   -D_DARWIN_C_SOURCE -D_XOPEN_SOURCE_EXTENDED -DNDEBUG conftest.c
configure:13410: $? = 0
configure:13429: result: yes
configure:13394: checking for unistd.h
configure:13429: result: yes
configure:13394: checking for wctype.h
configure:13404: gcc -E   -D_DARWIN_C_SOURCE -D_XOPEN_SOURCE_EXTENDED -DNDEBUG conftest.c
configure:13410: $? = 0
configure:13429: result: yes
configure:13548: checking if sys/time.h works with sys/select.h
configure:13575: gcc -c -g -O2   -D_DARWIN_C_SOURCE -D_XOPEN_SOURCE_EXTENDED -DNDEBUG conftest.c >&5
configure:13578: $? = 0
configure:13581: test -s conftest.o
configure:13584: $? = 0
configure:13596: result: yes
configure:13610: checking for gcc option to accept ANSI C
configure:13667: gcc  -c -g -O2   -D_DARWIN_C_SOURCE -D_XOPEN_SOURCE_EXTENDED -DNDEBUG conftest.c >&5
configure:13670: $? = 0
configure:13673: test -s conftest.o
configure:13676: $? = 0
configure:13693: result: none needed
configure:13701: checking for an ANSI C-conforming const
configure:13765: gcc -c -g -O2   -D_DARWIN_C_SOURCE -D_XOPEN_SOURCE_EXTENDED -DNDEBUG conftest.c >&5
configure:13768: $? = 0
configure:13771: test -s conftest.o
configure:13774: $? = 0
configure:13784: result: yes
configure:13794: checking for inline
configure:13811: gcc -c -g -O2   -D_DARWIN_C_SOURCE -D_XOPEN_SOURCE_EXTENDED -DNDEBUG conftest.c >&5
configure:13814: $? = 0
configure:13817: test -s conftest.o
configure:13820: $? = 0
configure:13831: result: inline
configure:13854: checking if gcc supports options to tune inlining
configure:13875: gcc -c -g -O2 --param max-inline-insns-single=1200   -D_DARWIN_C_SOURCE -D_XOPEN_SOURCE_EXTENDED -DNDEBUG conftest.c >&5
clang: warning: argument unused during compilation: '--param max-inline-insns-single=1200' [-Wunused-command-line-argument]
configure:13878: $? = 0
configure:13881: test -s conftest.o
configure:13884: $? = 0
configure:13896: result: yes
configure:13982: checking for signal global datatype
configure:14017: gcc -c -g -O2  --param max-inline-insns-single=1200   -D_DARWIN_C_SOURCE -D_XOPEN_SOURCE_EXTENDED -DNDEBUG conftest.c >&5
clang: warning: argument unused during compilation: '--param max-inline-insns-single=1200' [-Wunused-command-line-argument]
configure:14020: $? = 0
configure:14023: test -s conftest.o
configure:14026: $? = 0
configure:14040: result: volatile sig_atomic_t
configure:14048: checking for type of chtype
configure:14093: gcc -o conftest -g -O2  --param max-inline-insns-single=1200   -D_DARWIN_C_SOURCE -D_XOPEN_SOURCE_EXTENDED -DNDEBUG  -Wl,-search_paths_first conftest.c  >&5
clang: warning: argument unused during compilation: '--param max-inline-insns-single=1200' [-Wunused-command-line-argument]
configure:14096: $? = 0
configure:14098: ./conftest
configure:14101: $? = 0
configure:14116: result: int
configure:14128: checking if unsigned literals are legal
configure:14147: gcc -c -g -O2  --param max-inline-insns-single=1200   -D_DARWIN_C_SOURCE -D_XOPEN_SOURCE_EXTENDED -DNDEBUG conftest.c >&5
clang: warning: argument unused during compilation: '--param max-inline-insns-single=1200' [-Wunused-command-line-argument]
configure:14150: $? = 0
configure:14153: test -s conftest.o
configure:14156: $? = 0
configure:14168: result: yes
configure:14184: checking if external errno is declared
configure:14209: gcc -c -g -O2  --param max-inline-insns-single=1200   -D_DARWIN_C_SOURCE -D_XOPEN_SOURCE_EXTENDED -DNDEBUG conftest.c >&5
clang: warning: argument unused during compilation: '--param max-inline-insns-single=1200' [-Wunused-command-line-argument]
configure:14212: $? = 0
configure:14215: test -s conftest.o
configure:14218: $? = 0
configure:14229: result: yes
configure:14244: checking if external errno exists
configure:14266: gcc -o conftest -g -O2  --param max-inline-insns-single=1200   -D_DARWIN_C_SOURCE -D_XOPEN_SOURCE_EXTENDED -DNDEBUG  -Wl,-search_paths_first conftest.c  >&5
clang: warning: argument unused during compilation: '--param max-inline-insns-single=1200' [-Wunused-command-line-argument]
configure:14269: $? = 0
configure:14272: test -s conftest
configure:14275: $? = 0
configure:14286: result: yes
configure:14299: checking if data-only library module links
configure:14310: gcc -c -g -O2  --param max-inline-insns-single=1200   -D_DARWIN_C_SOURCE -D_XOPEN_SOURCE_EXTENDED -DNDEBUG conftest.c >&5
clang: warning: argument unused during compilation: '--param max-inline-insns-single=1200' [-Wunused-command-line-argument]
configure:14313: $? = 0
configure:14333: gcc -c -g -O2  --param max-inline-insns-single=1200   -D_DARWIN_C_SOURCE -D_XOPEN_SOURCE_EXTENDED -DNDEBUG conftest.c >&5
clang: warning: argument unused during compilation: '--param max-inline-insns-single=1200' [-Wunused-command-line-argument]
configure:14336: $? = 0
configure:14360: gcc -o conftest -g -O2  --param max-inline-insns-single=1200   -D_DARWIN_C_SOURCE -D_XOPEN_SOURCE_EXTENDED -DNDEBUG  -Wl,-search_paths_first conftest.c conftest.a  >&5
warning: (x86_64)  could not find object file symbol for symbol _testdata
configure:14363: $? = 0
configure:14365: ./conftest
configure:14368: $? = 0
configure:14383: result: yes
configure:14418: checking for getcwd
configure:14455: gcc -o conftest -g -O2  --param max-inline-insns-single=1200   -D_DARWIN_C_SOURCE -D_XOPEN_SOURCE_EXTENDED -DNDEBUG  -Wl,-search_paths_first conftest.c  >&5
clang: warning: argument unused during compilation: '--param max-inline-insns-single=1200' [-Wunused-command-line-argument]
configure:14458: $? = 0
configure:14461: test -s conftest
configure:14464: $? = 0
configure:14474: result: yes
configure:14418: checking for getegid
configure:14455: gcc -o conftest -g -O2  --param max-inline-insns-single=1200   -D_DARWIN_C_SOURCE -D_XOPEN_SOURCE_EXTENDED -DNDEBUG  -Wl,-search_paths_first conftest.c  >&5
clang: warning: argument unused during compilation: '--param max-inline-insns-single=1200' [-Wunused-command-line-argument]
configure:14458: $? = 0
configure:14461: test -s conftest
configure:14464: $? = 0
configure:14474: result: yes
configure:14418: checking for geteuid
configure:14455: gcc -o conftest -g -O2  --param max-inline-insns-single=1200   -D_DARWIN_C_SOURCE -D_XOPEN_SOURCE_EXTENDED -DNDEBUG  -Wl,-search_paths_first conftest.c  >&5
clang: warning: argument unused during compilation: '--param max-inline-insns-single=1200' [-Wunused-command-line-argument]
configure:14458: $? = 0
configure:14461: test -s conftest
configure:14464: $? = 0
configure:14474: result: yes
configure:14418: checking for getttynam
configure:14455: gcc -o conftest -g -O2  --param max-inline-insns-single=1200   -D_DARWIN_C_SOURCE -D_XOPEN_SOURCE_EXTENDED -DNDEBUG  -Wl,-search_paths_first conftest.c  >&5
clang: warning: argument unused during compilation: '--param max-inline-insns-single=1200' [-Wunused-command-line-argument]
configure:14458: $? = 0
configure:14461: test -s conftest
configure:14464: $? = 0
configure:14474: result: yes
configure:14418: checking for issetugid
configure:14455: gcc -o conftest -g -O2  --param max-inline-insns-single=1200   -D_DARWIN_C_SOURCE -D_XOPEN_SOURCE_EXTENDED -DNDEBUG  -Wl,-search_paths_first conftest.c  >&5
clang: warning: argument unused during compilation: '--param max-inline-insns-single=1200' [-Wunused-command-line-argument]
configure:14458: $? = 0
configure:14461: test -s conftest
configure:14464: $? = 0
configure:14474: result: yes
configure:14418: checking for poll
configure:14455: gcc -o conftest -g -O2  --param max-inline-insns-single=1200   -D_DARWIN_C_SOURCE -D_XOPEN_SOURCE_EXTENDED -DNDEBUG  -Wl,-search_paths_first conftest.c  >&5
clang: warning: argument unused during compilation: '--param max-inline-insns-single=1200' [-Wunused-command-line-argument]
configure:14458: $? = 0
configure:14461: test -s conftest
configure:14464: $? = 0
configure:14474: result: yes
configure:14418: checking for remove
configure:14474: result: yes
configure:14418: checking for select
configure:14455: gcc -o conftest -g -O2  --param max-inline-insns-single=1200   -D_DARWIN_C_SOURCE -D_XOPEN_SOURCE_EXTENDED -DNDEBUG  -Wl,-search_paths_first conftest.c  >&5
clang: warning: argument unused during compilation: '--param max-inline-insns-single=1200' [-Wunused-command-line-argument]
configure:14458: $? = 0
configure:14461: test -s conftest
configure:14464: $? = 0
configure:14474: result: yes
configure:14418: checking for setbuf
configure:14455: gcc -o conftest -g -O2  --param max-inline-insns-single=1200   -D_DARWIN_C_SOURCE -D_XOPEN_SOURCE_EXTENDED -DNDEBUG  -Wl,-search_paths_first conftest.c  >&5
clang: warning: argument unused during compilation: '--param max-inline-insns-single=1200' [-Wunused-command-line-argument]
configure:14458: $? = 0
configure:14461: test -s conftest
configure:14464: $? = 0
configure:14474: result: yes
configure:14418: checking for setbuffer
configure:14455: gcc -o conftest -g -O2  --param max-inline-insns-single=1200   -D_DARWIN_C_SOURCE -D_XOPEN_SOURCE_EXTENDED -DNDEBUG  -Wl,-search_paths_first conftest.c  >&5
clang: warning: argument unused during compilation: '--param max-inline-insns-single=1200' [-Wunused-command-line-argument]
configure:14458: $? = 0
configure:14461: test -s conftest
configure:14464: $? = 0
configure:14474: result: yes
configure:14418: checking for setvbuf
configure:14455: gcc -o conftest -g -O2  --param max-inline-insns-single=1200   -D_DARWIN_C_SOURCE -D_XOPEN_SOURCE_EXTENDED -DNDEBUG  -Wl,-search_paths_first conftest.c  >&5
clang: warning: argument unused during compilation: '--param max-inline-insns-single=1200' [-Wunused-command-line-argument]
configure:14458: $? = 0
configure:14461: test -s conftest
configure:14464: $? = 0
configure:14474: result: yes
configure:14418: checking for sigaction
configure:14455: gcc -o conftest -g -O2  --param max-inline-insns-single=1200   -D_DARWIN_C_SOURCE -D_XOPEN_SOURCE_EXTENDED -DNDEBUG  -Wl,-search_paths_first conftest.c  >&5
clang: warning: argument unused during compilation: '--param max-inline-insns-single=1200' [-Wunused-command-line-argument]
configure:14458: $? = 0
configure:14461: test -s conftest
configure:14464: $? = 0
configure:14474: result: yes
configure:14418: checking for sigvec
configure:14455: gcc -o conftest -g -O2  --param max-inline-insns-single=1200   -D_DARWIN_C_SOURCE -D_XOPEN_SOURCE_EXTENDED -DNDEBUG  -Wl,-search_paths_first conftest.c  >&5
clang: warning: argument unused during compilation: '--param max-inline-insns-single=1200' [-Wunused-command-line-argument]
configure:14458: $? = 0
configure:14461: test -s conftest
configure:14464: $? = 0
configure:14474: result: yes
configure:14418: checking for strdup
configure:14455: gcc -o conftest -g -O2  --param max-inline-insns-single=1200   -D_DARWIN_C_SOURCE -D_XOPEN_SOURCE_EXTENDED -DNDEBUG  -Wl,-search_paths_first conftest.c  >&5
clang: warning: argument unused during compilation: '--param max-inline-insns-single=1200' [-Wunused-command-line-argument]
configure:14434:6: warning: incompatible redeclaration of library function 'strdup' [-Wincompatible-library-redeclaration]
char strdup ();
     ^
configure:14434:6: note: 'strdup' is a builtin with type 'char *(const char *)'
1 warning generated.
configure:14458: $? = 0
configure:14461: test -s conftest
configure:14464: $? = 0
configure:14474: result: yes
configure:14418: checking for strstr
configure:14455: gcc -o conftest -g -O2  --param max-inline-insns-single=1200   -D_DARWIN_C_SOURCE -D_XOPEN_SOURCE_EXTENDED -DNDEBUG  -Wl,-search_paths_first conftest.c  >&5
clang: warning: argument unused during compilation: '--param max-inline-insns-single=1200' [-Wunused-command-line-argument]
configure:14434:6: warning: incompatible redeclaration of library function 'strstr' [-Wincompatible-library-redeclaration]
char strstr ();
     ^
configure:14434:6: note: 'strstr' is a builtin with type 'char *(const char *, const char *)'
1 warning generated.
configure:14458: $? = 0
configure:14461: test -s conftest
configure:14464: $? = 0
configure:14474: result: yes
configure:14418: checking for tcgetpgrp
configure:14455: gcc -o conftest -g -O2  --param max-inline-insns-single=1200   -D_DARWIN_C_SOURCE -D_XOPEN_SOURCE_EXTENDED -DNDEBUG  -Wl,-search_paths_first conftest.c  >&5
clang: warning: argument unused during compilation: '--param max-inline-insns-single=1200' [-Wunused-command-line-argument]
configure:14458: $? = 0
configure:14461: test -s conftest
configure:14464: $? = 0
configure:14474: result: yes
configure:14418: checking for times
configure:14455: gcc -o conftest -g -O2  --param max-inline-insns-single=1200   -D_DARWIN_C_SOURCE -D_XOPEN_SOURCE_EXTENDED -DNDEBUG  -Wl,-search_paths_first conftest.c  >&5
clang: warning: argument unused during compilation: '--param max-inline-insns-single=1200' [-Wunused-command-line-argument]
configure:14458: $? = 0
configure:14461: test -s conftest
configure:14464: $? = 0
configure:14474: result: yes
configure:14418: checking for vsnprintf
configure:14455: gcc -o conftest -g -O2  --param max-inline-insns-single=1200   -D_DARWIN_C_SOURCE -D_XOPEN_SOURCE_EXTENDED -DNDEBUG  -Wl,-search_paths_first conftest.c  >&5
clang: warning: argument unused during compilation: '--param max-inline-insns-single=1200' [-Wunused-command-line-argument]
configure:14434:6: warning: incompatible redeclaration of library function 'vsnprintf' [-Wincompatible-library-redeclaration]
char vsnprintf ();
     ^
configure:14434:6: note: 'vsnprintf' is a builtin with type 'int (char *, unsigned long, const char *, struct __va_list_tag *)'
1 warning generated.
configure:14458: $? = 0
configure:14461: test -s conftest
configure:14464: $? = 0
configure:14474: result: yes
configure:14542: checking for isascii
configure:14561: gcc -o conftest -g -O2  --param max-inline-insns-single=1200   -D_DARWIN_C_SOURCE -D_XOPEN_SOURCE_EXTENDED -DNDEBUG  -Wl,-search_paths_first conftest.c  >&5
clang: warning: argument unused during compilation: '--param max-inline-insns-single=1200' [-Wunused-command-line-argument]
configure:14564: $? = 0
configure:14567: test -s conftest
configure:14570: $? = 0
configure:14581: result: yes
configure:14588: checking whether sigaction needs _POSIX_SOURCE
configure:14605: gcc -c -g -O2  --param max-inline-insns-single=1200   -D_DARWIN_C_SOURCE -D_XOPEN_SOURCE_EXTENDED -DNDEBUG conftest.c >&5
clang: warning: argument unused during compilation: '--param max-inline-insns-single=1200' [-Wunused-command-line-argument]
configure:14608: $? = 0
configure:14611: test -s conftest.o
configure:14614: $? = 0
configure:14661: result: no
configure:14665: checking if nanosleep really works
configure:14700: gcc -o conftest -g -O2  --param max-inline-insns-single=1200   -D_DARWIN_C_SOURCE -D_XOPEN_SOURCE_EXTENDED -DNDEBUG  -Wl,-search_paths_first conftest.c  >&5
clang: warning: argument unused during compilation: '--param max-inline-insns-single=1200' [-Wunused-command-line-argument]
configure:14703: $? = 0
configure:14705: ./conftest
configure:14708: $? = 0
configure:14720: result: yes
configure:14734: checking for termio.h
configure:14744: gcc -E   -D_DARWIN_C_SOURCE -D_XOPEN_SOURCE_EXTENDED -DNDEBUG conftest.c
configure:14741:10: fatal error: 'termio.h' file not found
#include <termio.h>
         ^~~~~~~~~~
1 error generated.
configure:14750: $? = 1
configure: failed program was:
#line 14740 "configure"
#include "confdefs.h"
#include <termio.h>
configure:14769: result: no
configure:14734: checking for termios.h
configure:14744: gcc -E   -D_DARWIN_C_SOURCE -D_XOPEN_SOURCE_EXTENDED -DNDEBUG conftest.c
configure:14750: $? = 0
configure:14769: result: yes
configure:14734: checking for unistd.h
configure:14769: result: yes
configure:14837: checking whether termios.h needs _POSIX_SOURCE
configure:14852: gcc -c -g -O2  --param max-inline-insns-single=1200   -D_DARWIN_C_SOURCE -D_XOPEN_SOURCE_EXTENDED -DNDEBUG conftest.c >&5
clang: warning: argument unused during compilation: '--param max-inline-insns-single=1200' [-Wunused-command-line-argument]
configure:14855: $? = 0
configure:14858: test -s conftest.o
configure:14861: $? = 0
configure:14907: result: no
configure:14912: checking for tcgetattr
configure:14947: gcc -o conftest -g -O2  --param max-inline-insns-single=1200   -D_DARWIN_C_SOURCE -D_XOPEN_SOURCE_EXTENDED -DNDEBUG  -Wl,-search_paths_first conftest.c  >&5
clang: warning: argument unused during compilation: '--param max-inline-insns-single=1200' [-Wunused-command-line-argument]
configure:14950: $? = 0
configure:14953: test -s conftest
configure:14956: $? = 0
configure:14966: result: yes
configure:14972: checking for vsscanf function or workaround
configure:14995: gcc -o conftest -g -O2  --param max-inline-insns-single=1200   -D_DARWIN_C_SOURCE -D_XOPEN_SOURCE_EXTENDED -DNDEBUG  -Wl,-search_paths_first conftest.c  >&5
clang: warning: argument unused during compilation: '--param max-inline-insns-single=1200' [-Wunused-command-line-argument]
configure:14998: $? = 0
configure:15001: test -s conftest
configure:15004: $? = 0
configure:15097: result: vsscanf
configure:15115: checking for working mkstemp
configure:15222: gcc -o conftest -g -O2  --param max-inline-insns-single=1200   -D_DARWIN_C_SOURCE -D_XOPEN_SOURCE_EXTENDED -DNDEBUG  -Wl,-search_paths_first conftest.c  >&5
clang: warning: argument unused during compilation: '--param max-inline-insns-single=1200' [-Wunused-command-line-argument]
configure:15210:4: warning: implicit declaration of function 'close' is invalid in C99 [-Wimplicit-function-declaration]
                        close(fd);
                        ^
1 warning generated.
configure:15225: $? = 0
configure:15227: ./conftest
configure:15230: $? = 0
configure:15245: result: yes
configure:15266: checking whether setvbuf arguments are reversed
configure:15294: gcc -o conftest -g -O2  --param max-inline-insns-single=1200   -D_DARWIN_C_SOURCE -D_XOPEN_SOURCE_EXTENDED -DNDEBUG  -Wl,-search_paths_first conftest.c  >&5
clang: warning: argument unused during compilation: '--param max-inline-insns-single=1200' [-Wunused-command-line-argument]
configure:15286:23: warning: incompatible integer to pointer conversion passing 'int' to parameter of type 'char *' [-Wint-conversion]
  if (setvbuf(stdout, _IOLBF, (char *) main, BUFSIZ) != 0)
                      ^~~~~~
/usr/include/stdio.h:100:16: note: expanded from macro '_IOLBF'
#define _IOLBF  1               /* setvbuf should set line buffered */
                ^
/usr/include/stdio.h:179:50: note: passing argument to parameter here
int      setvbuf(FILE * __restrict, char * __restrict, int, size_t);
                                                     ^
configure:15286:31: warning: incompatible pointer to integer conversion passing 'char *' to parameter of type 'int' [-Wint-conversion]
  if (setvbuf(stdout, _IOLBF, (char *) main, BUFSIZ) != 0)
                              ^~~~~~~~~~~~~
/usr/include/stdio.h:179:55: note: passing argument to parameter here
int      setvbuf(FILE * __restrict, char * __restrict, int, size_t);
                                                          ^
2 warnings generated.
configure:15297: $? = 0
configure:15299: ./conftest
configure:15302: $? = 1
configure: program exited with status 1
configure: failed program was:
#line 15277 "configure"
#include "confdefs.h"
#include <stdio.h>
/* If setvbuf has the reversed format, exit 0. */
int
main ()
{
  /* This call has the arguments reversed.
     A reversed system may check and see that the address of main
     is not _IOLBF, _IONBF, or _IOFBF, and return nonzero.  */
  if (setvbuf(stdout, _IOLBF, (char *) main, BUFSIZ) != 0)
    return(1);
  putc('\r', stdout);
  return(0);			/* Non-reversed systems segv here.  */
}
configure:15315: result: no
configure:15326: checking return type of signal handlers
configure:15354: gcc -c -g -O2  --param max-inline-insns-single=1200   -D_DARWIN_C_SOURCE -D_XOPEN_SOURCE_EXTENDED -DNDEBUG conftest.c >&5
clang: warning: argument unused during compilation: '--param max-inline-insns-single=1200' [-Wunused-command-line-argument]
configure:15357: $? = 0
configure:15360: test -s conftest.o
configure:15363: $? = 0
configure:15373: result: void
configure:15380: checking for type sigaction_t
configure:15400: gcc -c -g -O2  --param max-inline-insns-single=1200   -D_DARWIN_C_SOURCE -D_XOPEN_SOURCE_EXTENDED -DNDEBUG conftest.c >&5
clang: warning: argument unused during compilation: '--param max-inline-insns-single=1200' [-Wunused-command-line-argument]
configure:15393:1: error: use of undeclared identifier 'sigaction_t'; did you mean 'sigaction'?
sigaction_t x
^~~~~~~~~~~
sigaction
/usr/include/signal.h:84:5: note: 'sigaction' declared here
int     sigaction(int, const struct sigaction * __restrict,
        ^
configure:15393:1: error: must use 'struct' tag to refer to type 'sigaction'
sigaction_t x
^
struct 
/usr/include/signal.h:84:5: note: struct 'sigaction' is hidden by a non-type declaration of 'sigaction' here
int     sigaction(int, const struct sigaction * __restrict,
        ^
2 errors generated.
configure:15403: $? = 1
configure: failed program was:
#line 15387 "configure"
#include "confdefs.h"

#include <signal.h>
int
main ()
{
sigaction_t x
  ;
  return 0;
}
configure:15420: result: no
configure:15426: checking declaration of size-change
configure:15485: gcc -c -g -O2  --param max-inline-insns-single=1200   -D_DARWIN_C_SOURCE -D_XOPEN_SOURCE_EXTENDED -DNDEBUG conftest.c >&5
clang: warning: argument unused during compilation: '--param max-inline-insns-single=1200' [-Wunused-command-line-argument]
configure:15488: $? = 0
configure:15491: test -s conftest.o
configure:15494: $? = 0
size-change succeeded ()
configure:15513: result: yes
configure:15530: checking for memmove
configure:15567: gcc -o conftest -g -O2  --param max-inline-insns-single=1200   -D_DARWIN_C_SOURCE -D_XOPEN_SOURCE_EXTENDED -DNDEBUG  -Wl,-search_paths_first conftest.c  >&5
clang: warning: argument unused during compilation: '--param max-inline-insns-single=1200' [-Wunused-command-line-argument]
configure:15546:6: warning: incompatible redeclaration of library function 'memmove' [-Wincompatible-library-redeclaration]
char memmove ();
     ^
configure:15546:6: note: 'memmove' is a builtin with type 'void *(void *, const void *, unsigned long)'
1 warning generated.
configure:15570: $? = 0
configure:15573: test -s conftest
configure:15576: $? = 0
configure:15586: result: yes
configure:15718: checking if poll really works
configure:15749: gcc -o conftest -g -O2  --param max-inline-insns-single=1200   -D_DARWIN_C_SOURCE -D_XOPEN_SOURCE_EXTENDED -DNDEBUG  -Wl,-search_paths_first conftest.c  >&5
clang: warning: argument unused during compilation: '--param max-inline-insns-single=1200' [-Wunused-command-line-argument]
configure:15752: $? = 0
configure:15754: ./conftest
configure:15757: $? = 0
configure:15769: result: yes
configure:15775: checking for va_copy
configure:15799: gcc -o conftest -g -O2  --param max-inline-insns-single=1200   -D_DARWIN_C_SOURCE -D_XOPEN_SOURCE_EXTENDED -DNDEBUG  -Wl,-search_paths_first conftest.c  >&5
clang: warning: argument unused during compilation: '--param max-inline-insns-single=1200' [-Wunused-command-line-argument]
configure:15802: $? = 0
configure:15805: test -s conftest
configure:15808: $? = 0
configure:15818: result: yes
configure:15825: checking for __va_copy
configure:15849: gcc -o conftest -g -O2  --param max-inline-insns-single=1200   -D_DARWIN_C_SOURCE -D_XOPEN_SOURCE_EXTENDED -DNDEBUG  -Wl,-search_paths_first conftest.c  >&5
clang: warning: argument unused during compilation: '--param max-inline-insns-single=1200' [-Wunused-command-line-argument]
configure:15852: $? = 0
configure:15855: test -s conftest
configure:15858: $? = 0
configure:15868: result: yes
configure:15875: checking for pid_t
configure:15896: gcc -c -g -O2  --param max-inline-insns-single=1200   -D_DARWIN_C_SOURCE -D_XOPEN_SOURCE_EXTENDED -DNDEBUG conftest.c >&5
clang: warning: argument unused during compilation: '--param max-inline-insns-single=1200' [-Wunused-command-line-argument]
configure:15899: $? = 0
configure:15902: test -s conftest.o
configure:15905: $? = 0
configure:15915: result: yes
configure:15930: checking for unistd.h
configure:15965: result: yes
configure:15930: checking for vfork.h
configure:15940: gcc -E   -D_DARWIN_C_SOURCE -D_XOPEN_SOURCE_EXTENDED -DNDEBUG conftest.c
configure:15937:10: fatal error: 'vfork.h' file not found
#include <vfork.h>
         ^~~~~~~~~
1 error generated.
configure:15946: $? = 1
configure: failed program was:
#line 15936 "configure"
#include "confdefs.h"
#include <vfork.h>
configure:15965: result: no
configure:15978: checking for fork
configure:16015: gcc -o conftest -g -O2  --param max-inline-insns-single=1200   -D_DARWIN_C_SOURCE -D_XOPEN_SOURCE_EXTENDED -DNDEBUG  -Wl,-search_paths_first conftest.c  >&5
clang: warning: argument unused during compilation: '--param max-inline-insns-single=1200' [-Wunused-command-line-argument]
configure:16018: $? = 0
configure:16021: test -s conftest
configure:16024: $? = 0
configure:16034: result: yes
configure:15978: checking for vfork
configure:16015: gcc -o conftest -g -O2  --param max-inline-insns-single=1200   -D_DARWIN_C_SOURCE -D_XOPEN_SOURCE_EXTENDED -DNDEBUG  -Wl,-search_paths_first conftest.c  >&5
clang: warning: argument unused during compilation: '--param max-inline-insns-single=1200' [-Wunused-command-line-argument]
configure:15994:6: warning: incompatible redeclaration of library function 'vfork' [-Wincompatible-library-redeclaration]
char vfork ();
     ^
configure:15994:6: note: 'vfork' is a builtin with type 'int (void)'
1 warning generated.
configure:16018: $? = 0
configure:16021: test -s conftest
configure:16024: $? = 0
configure:16034: result: yes
configure:16046: checking for working fork
configure:16089: result: yes
configure:16108: checking for working vfork
configure:16234: result: yes
configure:16267: checking for openpty in -lutil
configure:16294: gcc -o conftest -g -O2  --param max-inline-insns-single=1200   -D_DARWIN_C_SOURCE -D_XOPEN_SOURCE_EXTENDED -DNDEBUG  -Wl,-search_paths_first conftest.c -lutil   >&5
configure:16297: $? = 0
configure:16300: test -s conftest
configure:16303: $? = 0
configure:16314: result: yes
configure:16322: checking for openpty header
configure:16350: gcc -o conftest -g -O2  --param max-inline-insns-single=1200   -D_DARWIN_C_SOURCE -D_XOPEN_SOURCE_EXTENDED -DNDEBUG  -Wl,-search_paths_first conftest.c -lutil  >&5
configure:16335:10: fatal error: 'pty.h' file not found
#include <pty.h>
         ^~~~~~~
1 error generated.
configure:16353: $? = 1
configure: failed program was:
#line 16333 "configure"
#include "confdefs.h"

#include <pty.h>

int
main ()
{

    int x = openpty((int *)0, (int *)0, (char *)0,
                   (struct termios *)0, (struct winsize *)0);

  ;
  return 0;
}
configure:16350: gcc -o conftest -g -O2  --param max-inline-insns-single=1200   -D_DARWIN_C_SOURCE -D_XOPEN_SOURCE_EXTENDED -DNDEBUG  -Wl,-search_paths_first conftest.c -lutil  >&5
configure:16335:10: fatal error: 'libutil.h' file not found
#include <libutil.h>
         ^~~~~~~~~~~
1 error generated.
configure:16353: $? = 1
configure: failed program was:
#line 16333 "configure"
#include "confdefs.h"

#include <libutil.h>

int
main ()
{

    int x = openpty((int *)0, (int *)0, (char *)0,
                   (struct termios *)0, (struct winsize *)0);

  ;
  return 0;
}
configure:16350: gcc -o conftest -g -O2  --param max-inline-insns-single=1200   -D_DARWIN_C_SOURCE -D_XOPEN_SOURCE_EXTENDED -DNDEBUG  -Wl,-search_paths_first conftest.c -lutil  >&5
configure:16353: $? = 0
configure:16356: test -s conftest
configure:16359: $? = 0
configure:16377: result: util.h
configure:16757: checking if we should include stdbool.h
configure:16777: gcc -c -O2 --param max-inline-insns-single=1200   -D_DARWIN_C_SOURCE -D_XOPEN_SOURCE_EXTENDED -DNDEBUG conftest.c >&5
clang: warning: argument unused during compilation: '--param max-inline-insns-single=1200' [-Wunused-command-line-argument]
configure:16770:1: error: use of undeclared identifier 'bool'
bool foo = false
^
1 error generated.
configure:16780: $? = 1
configure: failed program was:
#line 16765 "configure"
#include "confdefs.h"

int
main ()
{
bool foo = false
  ;
  return 0;
}
configure:16809: gcc -c -O2 --param max-inline-insns-single=1200   -D_DARWIN_C_SOURCE -D_XOPEN_SOURCE_EXTENDED -DNDEBUG conftest.c >&5
clang: warning: argument unused during compilation: '--param max-inline-insns-single=1200' [-Wunused-command-line-argument]
configure:16812: $? = 0
configure:16815: test -s conftest.o
configure:16818: $? = 0
configure:16832: result: yes
configure:16838: checking for builtin bool type
configure:16861: gcc -c -O2 --param max-inline-insns-single=1200   -D_DARWIN_C_SOURCE -D_XOPEN_SOURCE_EXTENDED -DNDEBUG conftest.c >&5
clang: warning: argument unused during compilation: '--param max-inline-insns-single=1200' [-Wunused-command-line-argument]
configure:16854:1: error: use of undeclared identifier 'bool'
bool x = false
^
1 error generated.
configure:16864: $? = 1
configure: failed program was:
#line 16846 "configure"
#include "confdefs.h"

#include <stdio.h>
#include <sys/types.h>

int
main ()
{
bool x = false
  ;
  return 0;
}
configure:16885: result: no
configure:17896: checking for size of bool
configure:17949: gcc -o conftest -O2 --param max-inline-insns-single=1200   -D_DARWIN_C_SOURCE -D_XOPEN_SOURCE_EXTENDED -DNDEBUG  -Wl,-search_paths_first conftest.c  >&5
clang: warning: argument unused during compilation: '--param max-inline-insns-single=1200' [-Wunused-command-line-argument]
configure:17930:1: warning: type specifier missing, defaults to 'int' [-Wimplicit-int]
main()
^
configure:17935:18: warning: comparison of constant 0 with expression of type 'bool' is always true [-Wtautological-constant-out-of-range-compare]
                if ((bool)(-x) >= 0)
                    ~~~~~~~~~~ ^  ~
2 warnings generated.
configure:17952: $? = 0
configure:17954: ./conftest
configure:17957: $? = 0
configure:17975: result: unsigned char
configure:18549: checking for library subsets
configure:18590: result: termlib+ext_tinfo+base+widechar+ext_funcs
configure:18628: checking default library suffix
configure:18639: result: w
configure:18642: checking default library-dependency suffix
configure:18695: result: w.dylib
configure:18698: checking default object directory
configure:18714: result: obj_s
configure:19009: checking where we will install curses.h
configure:19014: result: ${prefix}/include/ncursesw
configure:19039: checking for src modules
configure:19102: result: ncurses panel menu form
configure:19308: checking for tic
configure:19325: found /Users/joshskeen/anaconda3/bin/tic
configure:19337: result: /Users/joshskeen/anaconda3/bin/tic
configure:19449: creating ./config.status

## ----------------------- ##
## Running config.status.  ##
## ----------------------- ##

This file was extended by config.status 2.52.20101002, executed with
  CONFIG_FILES    = 
  CONFIG_HEADERS  = 
  CONFIG_LINKS    = 
  CONFIG_COMMANDS = 
  > ./config.status 
on joshs-MBP.localdomain

config.status:20160: creating include/MKterm.h.awk
config.status:20160: creating include/curses.head
config.status:20160: creating include/ncurses_dll.h
config.status:20160: creating include/termcap.h
config.status:20160: creating include/unctrl.h
config.status:20160: creating man/Makefile
config.status:20160: creating include/Makefile
config.status:20160: creating ncurses/Makefile
config.status:20160: creating panel/Makefile
config.status:20160: creating menu/Makefile
config.status:20160: creating form/Makefile
config.status:20160: creating test/Makefile
config.status:20160: creating misc/Makefile
config.status:20160: creating misc/run_tic.sh
config.status:20160: creating misc/ncurses-config
config.status:20160: creating man/ncursesw6-config.1
config.status:20160: creating Makefile
config.status:20257: creating include/ncurses_cfg.h

## ----------------- ##
## Cache variables.  ##
## ----------------- ##

ac_cv_build=x86_64-apple-darwin17.7.0
ac_cv_build_alias=x86_64-apple-darwin17.7.0
ac_cv_c_compiler_gnu=yes
ac_cv_c_const=yes
ac_cv_c_inline=inline
ac_cv_env_CC_set=
ac_cv_env_CC_value=
ac_cv_env_CFLAGS_set=
ac_cv_env_CFLAGS_value=
ac_cv_env_CPPFLAGS_set=
ac_cv_env_CPPFLAGS_value=
ac_cv_env_CPP_set=
ac_cv_env_CPP_value=
ac_cv_env_CXXCPP_set=
ac_cv_env_CXXCPP_value=
ac_cv_env_CXXFLAGS_set=
ac_cv_env_CXXFLAGS_value=
ac_cv_env_CXX_set=
ac_cv_env_CXX_value=
ac_cv_env_LDFLAGS_set=
ac_cv_env_LDFLAGS_value=
ac_cv_env_build_alias_set=
ac_cv_env_build_alias_value=
ac_cv_env_host_alias_set=
ac_cv_env_host_alias_value=
ac_cv_env_target_alias_set=
ac_cv_env_target_alias_value=
ac_cv_func_btowc=yes
ac_cv_func_fork=yes
ac_cv_func_fork_works=yes
ac_cv_func_fseeko=yes
ac_cv_func_getcwd=yes
ac_cv_func_getegid=yes
ac_cv_func_geteuid=yes
ac_cv_func_gettimeofday=yes
ac_cv_func_getttynam=yes
ac_cv_func_issetugid=yes
ac_cv_func_link=yes
ac_cv_func_mblen=yes
ac_cv_func_mbrlen=yes
ac_cv_func_mbrtowc=yes
ac_cv_func_mbsrtowcs=yes
ac_cv_func_mbstowcs=yes
ac_cv_func_mbtowc=yes
ac_cv_func_memmove=yes
ac_cv_func_poll=yes
ac_cv_func_putwc=yes
ac_cv_func_regcomp=yes
ac_cv_func_remove=yes
ac_cv_func_select=yes
ac_cv_func_setbuf=yes
ac_cv_func_setbuffer=yes
ac_cv_func_setvbuf=yes
ac_cv_func_setvbuf_reversed=no
ac_cv_func_sigaction=yes
ac_cv_func_sigvec=yes
ac_cv_func_strdup=yes
ac_cv_func_strstr=yes
ac_cv_func_symlink=yes
ac_cv_func_tcgetpgrp=yes
ac_cv_func_times=yes
ac_cv_func_unlink=yes
ac_cv_func_vfork=yes
ac_cv_func_vfork_works=yes
ac_cv_func_vsnprintf=yes
ac_cv_func_wcsrtombs=yes
ac_cv_func_wcstombs=yes
ac_cv_func_wctob=yes
ac_cv_func_wctomb=yes
ac_cv_header_dirent_dirent_h=yes
ac_cv_header_fcntl_h=yes
ac_cv_header_getopt_h=yes
ac_cv_header_gpm_h=no
ac_cv_header_inttypes_h=yes
ac_cv_header_limits_h=yes
ac_cv_header_locale_h=yes
ac_cv_header_math_h=yes
ac_cv_header_memory_h=yes
ac_cv_header_poll_h=yes
ac_cv_header_stdc=yes
ac_cv_header_stdint_h=yes
ac_cv_header_stdlib_h=yes
ac_cv_header_string_h=yes
ac_cv_header_strings_h=yes
ac_cv_header_sys_bsdtypes_h=no
ac_cv_header_sys_ioctl_h=yes
ac_cv_header_sys_param_h=yes
ac_cv_header_sys_poll_h=yes
ac_cv_header_sys_select_h=yes
ac_cv_header_sys_stat_h=yes
ac_cv_header_sys_time_h=yes
ac_cv_header_sys_times_h=yes
ac_cv_header_sys_types_h=yes
ac_cv_header_termio_h=no
ac_cv_header_termios_h=yes
ac_cv_header_time=yes
ac_cv_header_ttyent_h=yes
ac_cv_header_unistd_h=yes
ac_cv_header_vfork_h=no
ac_cv_header_wctype_h=yes
ac_cv_host=x86_64-apple-darwin17.7.0
ac_cv_host_alias=x86_64-apple-darwin17.7.0
ac_cv_lib_dir_opendir=no
ac_cv_lib_util_openpty=yes
ac_cv_objext=o
ac_cv_path_TIC_PATH=/Users/joshskeen/anaconda3/bin/tic
ac_cv_path_ac_pt_PKG_CONFIG=/usr/local/bin/pkg-config
ac_cv_path_install='/usr/bin/install -c'
ac_cv_prog_AWK=awk
ac_cv_prog_CPP='gcc -E'
ac_cv_prog_CTAGS=ctags
ac_cv_prog_ETAGS=etags
ac_cv_prog_MAKE_LOWER_TAGS=yes
ac_cv_prog_ac_ct_AR=ar
ac_cv_prog_ac_ct_CC=gcc
ac_cv_prog_ac_ct_LD=ld
ac_cv_prog_ac_ct_RANLIB=ranlib
ac_cv_prog_cc_g=yes
ac_cv_prog_cc_stdc=
ac_cv_prog_egrep='grep -E'
ac_cv_prog_gcc_traditional=no
ac_cv_prog_make_make_set=yes
ac_cv_sizeof_signed_char=1
ac_cv_sys_file_offset_bits=no
ac_cv_sys_large_files=no
ac_cv_sys_largefile_CC=no
ac_cv_sys_largefile_source=no
ac_cv_sys_long_file_names=yes
ac_cv_target=x86_64-apple-darwin17.7.0
ac_cv_target_alias=x86_64-apple-darwin17.7.0
ac_cv_type_pid_t=yes
ac_cv_type_signal=void
ac_cv_type_signed_char=yes
am_cv_langinfo_codeset=yes
cf_cv_1UL=1U
cf_cv_abi_version=6
cf_cv_ansi_cc=-DCC_HAS_PROTOS
cf_cv_ar_flags=-curv
cf_cv_builtin_bool=1
cf_cv_cc_bool_type=0
cf_cv_dcl_errno=yes
cf_cv_define_sigwinch=yes
cf_cv_do_relink=yes
cf_cv_do_symlinks=yes
cf_cv_enable_lp64=0
cf_cv_enable_opaque=NCURSES_OPAQUE
cf_cv_enable_reentrant=0
cf_cv_enable_rpath=no
cf_cv_func_mkstemp=yes
cf_cv_func_nanosleep=yes
cf_cv_func_openpty=util.h
cf_cv_func_vsscanf=vsscanf
cf_cv_gcc_inline=yes
cf_cv_have___va_copy=yes
cf_cv_have_errno=yes
cf_cv_have_isascii=yes
cf_cv_have_tcgetattr=yes
cf_cv_have_va_copy=yes
cf_cv_header_stdbool_h=1
cf_cv_ldflags_search_paths_first=yes
cf_cv_lib_util=yes
cf_cv_link_dataonly=yes
cf_cv_link_funcs=' link symlink'
cf_cv_makeflags=
cf_cv_mbstate_t=yes
cf_cv_mixedcase=no
cf_cv_need_libm=no
cf_cv_prog_CC_c_o=yes
cf_cv_regex_hdrs=regex.h
cf_cv_rel_version=6.0
cf_cv_rm_so_locs=no
cf_cv_shlib_version=abi
cf_cv_shlib_version_infix=yes
cf_cv_sig_atomic_t='volatile sig_atomic_t'
cf_cv_sizechange=yes
cf_cv_src_modules='ncurses panel menu form'
cf_cv_struct_dirent64=no
cf_cv_sys_time_select=yes
cf_cv_system_name=darwin17.7.0
cf_cv_timestamp='Fri Aug 24 13:19:14 EDT 2018'
cf_cv_type_of_bool='unsigned char'
cf_cv_type_sigaction=no
cf_cv_typeof_chtype=int
cf_cv_typeof_mmask_t=long
cf_cv_unsigned_literals=yes
cf_cv_wchar_t=no
cf_cv_wint_t=yes
cf_cv_working_poll=yes

## ------------ ##
## confdefs.h.  ##
## ------------ ##

#define SYSTEM_NAME "darwin17.7.0"
#define CC_HAS_PROTOS 1
#define HAVE_LONG_FILE_NAMES 1
#define USE_DATABASE 1
#define TERMINFO_DIRS "/usr/local/share/terminfo"
#define TERMINFO "/usr/local/share/terminfo"
#define HAVE_BIG_CORE 1
#define PURE_TERMINFO 1
#define USE_HOME_TERMINFO 1
#define USE_ROOT_ENVIRON 1
#define HAVE_REMOVE 1
#define HAVE_UNLINK 1
#define HAVE_LINK 1
#define HAVE_SYMLINK 1
#define USE_LINKS 1
#define HAVE_LANGINFO_CODESET 1
#define USE_WIDEC_SUPPORT 1
#define HAVE_PUTWC 1
#define HAVE_BTOWC 1
#define HAVE_WCTOB 1
#define HAVE_MBTOWC 1
#define HAVE_WCTOMB 1
#define HAVE_MBLEN 1
#define HAVE_MBRLEN 1
#define HAVE_MBRTOWC 1
#define HAVE_WCSRTOMBS 1
#define HAVE_MBSRTOWCS 1
#define HAVE_WCSTOMBS 1
#define HAVE_MBSTOWCS 1
#define NEED_WCHAR_H 1
#define NEED_WCHAR_H 1
#define HAVE_FSEEKO 1
#define HAVE_CURSES_VERSION 1
#define HAVE_HAS_KEY 1
#define HAVE_RESIZETERM 1
#define HAVE_RESIZE_TERM 1
#define HAVE_TERM_ENTRY_H 1
#define HAVE_USE_DEFAULT_COLORS 1
#define HAVE_WRESIZE 1
#define NCURSES_EXT_FUNCS 1
#define NCURSES_EXT_COLORS 1
#define NCURSES_NO_PADDING 1
#define STDC_HEADERS 1
#define HAVE_SYS_TYPES_H 1
#define HAVE_SYS_STAT_H 1
#define HAVE_STDLIB_H 1
#define HAVE_STRING_H 1
#define HAVE_MEMORY_H 1
#define HAVE_STRINGS_H 1
#define HAVE_INTTYPES_H 1
#define HAVE_STDINT_H 1
#define HAVE_UNISTD_H 1
#define SIZEOF_SIGNED_CHAR 1
#define USE_SIGWINCH 1
#define USE_ASSUMED_COLOR 1
#define USE_HASHMAP 1
#define NCURSES_WRAP_PREFIX "_nc_"
#define NCURSES_WGETCH_EVENTS 1
#define GCC_SCANF 1
#define GCC_SCANFLIKE(fmt,var)  __attribute__((format(scanf,fmt,var)))
#define GCC_PRINTF 1
#define GCC_PRINTFLIKE(fmt,var) __attribute__((format(printf,fmt,var)))
#define GCC_UNUSED __attribute__((unused))
#define GCC_NORETURN __attribute__((noreturn))
#define NDEBUG 1
#define HAVE_NC_ALLOC_H 1
#define HAVE_GETTIMEOFDAY 1
#define STDC_HEADERS 1
#define HAVE_DIRENT_H 1
#define TIME_WITH_SYS_TIME 1
#define HAVE_REGEX_H_FUNCS 1
#define HAVE_FCNTL_H 1
#define HAVE_GETOPT_H 1
#define HAVE_LIMITS_H 1
#define HAVE_LOCALE_H 1
#define HAVE_MATH_H 1
#define HAVE_POLL_H 1
#define HAVE_SYS_IOCTL_H 1
#define HAVE_SYS_PARAM_H 1
#define HAVE_SYS_POLL_H 1
#define HAVE_SYS_SELECT_H 1
#define HAVE_SYS_TIME_H 1
#define HAVE_SYS_TIMES_H 1
#define HAVE_TTYENT_H 1
#define HAVE_UNISTD_H 1
#define HAVE_WCTYPE_H 1
#define HAVE_SYS_TIME_SELECT 1
#define SIG_ATOMIC_T volatile sig_atomic_t
#define TYPEOF_CHTYPE int
#define HAVE_ERRNO 1
#define HAVE_GETCWD 1
#define HAVE_GETEGID 1
#define HAVE_GETEUID 1
#define HAVE_GETTTYNAM 1
#define HAVE_ISSETUGID 1
#define HAVE_POLL 1
#define HAVE_REMOVE 1
#define HAVE_SELECT 1
#define HAVE_SETBUF 1
#define HAVE_SETBUFFER 1
#define HAVE_SETVBUF 1
#define HAVE_SIGACTION 1
#define HAVE_SIGVEC 1
#define HAVE_STRDUP 1
#define HAVE_STRSTR 1
#define HAVE_TCGETPGRP 1
#define HAVE_TIMES 1
#define HAVE_VSNPRINTF 1
#define HAVE_ISASCII 1
#define HAVE_NANOSLEEP 1
#define HAVE_TERMIOS_H 1
#define HAVE_UNISTD_H 1
#define HAVE_TCGETATTR 1
#define HAVE_VSSCANF 1
#define HAVE_MKSTEMP 1
#define RETSIGTYPE void
#define HAVE_SIZECHANGE 1
#define HAVE_WORKING_POLL 1
#define HAVE_VA_COPY 1
#define HAVE___VA_COPY 1
#define HAVE_UNISTD_H 1
#define HAVE_FORK 1
#define HAVE_VFORK 1
#define HAVE_WORKING_VFORK 1
#define HAVE_WORKING_FORK 1
#define USE_OPENPTY_HEADER <util.h>
#define USE_XTERM_PTY 1
#define HAVE_SLK_COLOR 1
#define HAVE_PANEL_H 1
#define HAVE_LIBPANEL 1
#define HAVE_MENU_H 1
#define HAVE_LIBMENU 1
#define HAVE_FORM_H 1
#define HAVE_LIBFORM 1
#define NCURSES_PATHSEP ':'
#define NCURSES_VERSION_STRING "5.9.20110404"


configure: exit 0
